{"/home/travis/build/npmtest/node-npmtest-mobile-detect/test.js":{"path":"/home/travis/build/npmtest/node-npmtest-mobile-detect/test.js","s":{"1":2,"2":2,"3":2,"4":2,"5":2,"6":2,"7":2,"8":1,"9":2,"10":2,"11":1,"12":1,"13":1,"14":1,"15":2,"16":2,"17":2,"18":2,"19":1,"20":1,"21":2,"22":2,"23":2,"24":1,"25":1,"26":1,"27":1,"28":1,"29":1,"30":1,"31":1,"32":1,"33":1,"34":1,"35":1,"36":1,"37":2,"38":2,"39":1,"40":2,"41":2,"42":1,"43":2,"44":2,"45":1,"46":2,"47":2,"48":1,"49":1,"50":1,"51":1,"52":1},"b":{"1":[2,1,1,1],"2":[1,1,1,1],"3":[1,1],"4":[1,1],"5":[1,1],"6":[1,1],"7":[1,1],"8":[1,1],"9":[1,1,1],"10":[1,1],"11":[1,1],"12":[1,1],"13":[1,1],"14":[1,1],"15":[1,1],"16":[1,1]},"f":{"1":2,"2":2,"3":2,"4":2,"5":2,"6":1,"7":1,"8":2,"9":2,"10":2,"11":2,"12":1},"fnMap":{"1":{"name":"(anonymous_1)","line":12,"loc":{"start":{"line":12,"column":1},"end":{"line":12,"column":13}}},"2":{"name":"(anonymous_2)","line":19,"loc":{"start":{"line":19,"column":5},"end":{"line":19,"column":17}}},"3":{"name":"(anonymous_3)","line":23,"loc":{"start":{"line":23,"column":24},"end":{"line":23,"column":36}}},"4":{"name":"(anonymous_4)","line":61,"loc":{"start":{"line":61,"column":5},"end":{"line":61,"column":17}}},"5":{"name":"(anonymous_5)","line":82,"loc":{"start":{"line":82,"column":5},"end":{"line":82,"column":17}}},"6":{"name":"(anonymous_6)","line":102,"loc":{"start":{"line":102,"column":83},"end":{"line":105,"column":10}},"skip":true},"7":{"name":"(anonymous_7)","line":113,"loc":{"start":{"line":113,"column":77},"end":{"line":116,"column":10}},"skip":true},"8":{"name":"(anonymous_8)","line":129,"loc":{"start":{"line":129,"column":12},"end":{"line":129,"column":40}},"skip":true},"9":{"name":"(anonymous_9)","line":137,"loc":{"start":{"line":137,"column":77},"end":{"line":140,"column":10}},"skip":true},"10":{"name":"(anonymous_10)","line":148,"loc":{"start":{"line":148,"column":83},"end":{"line":151,"column":10}},"skip":true},"11":{"name":"(anonymous_11)","line":159,"loc":{"start":{"line":159,"column":79},"end":{"line":162,"column":10}},"skip":true},"12":{"name":"(anonymous_12)","line":170,"loc":{"start":{"line":170,"column":75},"end":{"line":173,"column":10}},"skip":true}},"statementMap":{"1":{"start":{"line":12,"column":0},"end":{"line":185,"column":5}},"2":{"start":{"line":14,"column":4},"end":{"line":14,"column":14}},"3":{"start":{"line":19,"column":4},"end":{"line":56,"column":9}},"4":{"start":{"line":21,"column":8},"end":{"line":21,"column":19}},"5":{"start":{"line":23,"column":8},"end":{"line":35,"column":13}},"6":{"start":{"line":24,"column":12},"end":{"line":34,"column":13}},"7":{"start":{"line":25,"column":16},"end":{"line":28,"column":30}},"8":{"start":{"line":30,"column":16},"end":{"line":33,"column":27}},"9":{"start":{"line":37,"column":8},"end":{"line":39,"column":21}},"10":{"start":{"line":40,"column":8},"end":{"line":53,"column":9}},"11":{"start":{"line":43,"column":12},"end":{"line":46,"column":14}},"12":{"start":{"line":47,"column":12},"end":{"line":47,"column":18}},"13":{"start":{"line":50,"column":12},"end":{"line":51,"column":46}},"14":{"start":{"line":52,"column":12},"end":{"line":52,"column":18}},"15":{"start":{"line":55,"column":8},"end":{"line":55,"column":35}},"16":{"start":{"line":61,"column":4},"end":{"line":63,"column":9}},"17":{"start":{"line":62,"column":8},"end":{"line":62,"column":15}},"18":{"start":{"line":64,"column":4},"end":{"line":77,"column":5}},"19":{"start":{"line":70,"column":8},"end":{"line":70,"column":14}},"20":{"start":{"line":76,"column":8},"end":{"line":76,"column":14}},"21":{"start":{"line":82,"column":4},"end":{"line":84,"column":9}},"22":{"start":{"line":83,"column":8},"end":{"line":83,"column":15}},"23":{"start":{"line":85,"column":4},"end":{"line":184,"column":5}},"24":{"start":{"line":92,"column":8},"end":{"line":94,"column":63}},"25":{"start":{"line":95,"column":8},"end":{"line":95,"column":14}},"26":{"start":{"line":102,"column":8},"end":{"line":111,"column":10},"skip":true},"27":{"start":{"line":109,"column":12},"end":{"line":109,"column":55},"skip":true},"28":{"start":{"line":110,"column":12},"end":{"line":110,"column":48},"skip":true},"29":{"start":{"line":113,"column":8},"end":{"line":126,"column":10},"skip":true},"30":{"start":{"line":120,"column":12},"end":{"line":120,"column":76},"skip":true},"31":{"start":{"line":121,"column":12},"end":{"line":121,"column":73},"skip":true},"32":{"start":{"line":122,"column":12},"end":{"line":122,"column":74},"skip":true},"33":{"start":{"line":123,"column":12},"end":{"line":123,"column":79},"skip":true},"34":{"start":{"line":124,"column":12},"end":{"line":124,"column":25},"skip":true},"35":{"start":{"line":125,"column":12},"end":{"line":125,"column":45},"skip":true},"36":{"start":{"line":128,"column":8},"end":{"line":135,"column":14},"skip":true},"37":{"start":{"line":133,"column":16},"end":{"line":133,"column":29},"skip":true},"38":{"start":{"line":134,"column":16},"end":{"line":134,"column":55},"skip":true},"39":{"start":{"line":137,"column":8},"end":{"line":146,"column":10},"skip":true},"40":{"start":{"line":144,"column":12},"end":{"line":144,"column":25},"skip":true},"41":{"start":{"line":145,"column":12},"end":{"line":145,"column":45},"skip":true},"42":{"start":{"line":148,"column":8},"end":{"line":157,"column":10},"skip":true},"43":{"start":{"line":155,"column":12},"end":{"line":155,"column":25},"skip":true},"44":{"start":{"line":156,"column":12},"end":{"line":156,"column":48},"skip":true},"45":{"start":{"line":159,"column":8},"end":{"line":168,"column":10},"skip":true},"46":{"start":{"line":166,"column":12},"end":{"line":166,"column":25},"skip":true},"47":{"start":{"line":167,"column":12},"end":{"line":167,"column":46},"skip":true},"48":{"start":{"line":170,"column":8},"end":{"line":179,"column":10},"skip":true},"49":{"start":{"line":177,"column":12},"end":{"line":177,"column":94},"skip":true},"50":{"start":{"line":178,"column":12},"end":{"line":178,"column":48},"skip":true},"51":{"start":{"line":182,"column":8},"end":{"line":182,"column":35},"skip":true},"52":{"start":{"line":183,"column":8},"end":{"line":183,"column":14},"skip":true}},"branchMap":{"1":{"line":25,"type":"binary-expr","locations":[{"start":{"line":25,"column":23},"end":{"line":25,"column":62}},{"start":{"line":26,"column":20},"end":{"line":26,"column":70}},{"start":{"line":27,"column":20},"end":{"line":27,"column":71}},{"start":{"line":28,"column":20},"end":{"line":28,"column":29}}]},"2":{"line":30,"type":"binary-expr","locations":[{"start":{"line":30,"column":23},"end":{"line":30,"column":37}},{"start":{"line":31,"column":20},"end":{"line":31,"column":61}},{"start":{"line":32,"column":20},"end":{"line":32,"column":70}},{"start":{"line":33,"column":20},"end":{"line":33,"column":26}}]},"3":{"line":37,"type":"cond-expr","locations":[{"start":{"line":38,"column":14},"end":{"line":38,"column":20}},{"start":{"line":39,"column":14},"end":{"line":39,"column":20}}]},"4":{"line":40,"type":"switch","locations":[{"start":{"line":42,"column":8},"end":{"line":47,"column":18}},{"start":{"line":49,"column":8},"end":{"line":52,"column":18}}]},"5":{"line":44,"type":"binary-expr","locations":[{"start":{"line":44,"column":16},"end":{"line":44,"column":44}},{"start":{"line":44,"column":48},"end":{"line":44,"column":66}}]},"6":{"line":50,"type":"binary-expr","locations":[{"start":{"line":50,"column":21},"end":{"line":50,"column":49}},{"start":{"line":50,"column":53},"end":{"line":50,"column":72}}]},"7":{"line":64,"type":"switch","locations":[{"start":{"line":69,"column":4},"end":{"line":70,"column":14}},{"start":{"line":75,"column":4},"end":{"line":76,"column":14}}]},"8":{"line":85,"type":"switch","locations":[{"start":{"line":90,"column":4},"end":{"line":95,"column":14}},{"start":{"line":101,"column":4},"end":{"line":183,"column":14},"skip":true}]},"9":{"line":92,"type":"binary-expr","locations":[{"start":{"line":92,"column":18},"end":{"line":92,"column":32}},{"start":{"line":93,"column":12},"end":{"line":93,"column":53}},{"start":{"line":94,"column":12},"end":{"line":94,"column":61}}]},"10":{"line":102,"type":"binary-expr","locations":[{"start":{"line":102,"column":45},"end":{"line":102,"column":79},"skip":true},{"start":{"line":102,"column":83},"end":{"line":111,"column":9},"skip":true}]},"11":{"line":113,"type":"binary-expr","locations":[{"start":{"line":113,"column":42},"end":{"line":113,"column":73},"skip":true},{"start":{"line":113,"column":77},"end":{"line":126,"column":9},"skip":true}]},"12":{"line":128,"type":"binary-expr","locations":[{"start":{"line":128,"column":48},"end":{"line":128,"column":85},"skip":true},{"start":{"line":129,"column":12},"end":{"line":135,"column":13},"skip":true}]},"13":{"line":137,"type":"binary-expr","locations":[{"start":{"line":137,"column":42},"end":{"line":137,"column":73},"skip":true},{"start":{"line":137,"column":77},"end":{"line":146,"column":9},"skip":true}]},"14":{"line":148,"type":"binary-expr","locations":[{"start":{"line":148,"column":45},"end":{"line":148,"column":79},"skip":true},{"start":{"line":148,"column":83},"end":{"line":157,"column":9},"skip":true}]},"15":{"line":159,"type":"binary-expr","locations":[{"start":{"line":159,"column":43},"end":{"line":159,"column":75},"skip":true},{"start":{"line":159,"column":79},"end":{"line":168,"column":9},"skip":true}]},"16":{"line":170,"type":"binary-expr","locations":[{"start":{"line":170,"column":41},"end":{"line":170,"column":71},"skip":true},{"start":{"line":170,"column":75},"end":{"line":179,"column":9},"skip":true}]}},"code":["/* istanbul instrument in package npmtest_mobile_detect */","/*jslint","    bitwise: true,","    browser: true,","    maxerr: 8,","    maxlen: 96,","    node: true,","    nomen: true,","    regexp: true,","    stupid: true","*/","(function () {","    'use strict';","    var local;","","","","    // run shared js-env code - pre-init","    (function () {","        // init local","        local = {};","        // init modeJs","        local.modeJs = (function () {","            try {","                return typeof navigator.userAgent === 'string' &&","                    typeof document.querySelector('body') === 'object' &&","                    typeof XMLHttpRequest.prototype.open === 'function' &&","                    'browser';","            } catch (errorCaughtBrowser) {","                return module.exports &&","                    typeof process.versions.node === 'string' &&","                    typeof require('http').createServer === 'function' &&","                    'node';","            }","        }());","        // init global","        local.global = local.modeJs === 'browser'","            ? window","            : global;","        switch (local.modeJs) {","        // re-init local from window.local","        case 'browser':","            local = local.global.utility2.objectSetDefault(","                local.global.utility2_rollup || local.global.local,","                local.global.utility2","            );","            break;","        // re-init local from example.js","        case 'node':","            local = (local.global.utility2_rollup || require('utility2'))","                .requireExampleJsFromReadme();","            break;","        }","        // export local","        local.global.local = local;","    }());","","","","    // run shared js-env code - function","    (function () {","        return;","    }());","    switch (local.modeJs) {","","","","    // run browser js-env code - function","    case 'browser':","        break;","","","","    // run node js-env code - function","    case 'node':","        break;","    }","","","","    // run shared js-env code - post-init","    (function () {","        return;","    }());","    switch (local.modeJs) {","","","","    // run browser js-env code - post-init","    case 'browser':","        // run tests","        local.nop(local.modeTest &&","            document.querySelector('#testRunButton1') &&","            document.querySelector('#testRunButton1').click());","        break;","","","","    // run node js-env code - post-init","    /* istanbul ignore next */","    case 'node':","        local.testCase_buildApidoc_default = local.testCase_buildApidoc_default || function (","            options,","            onError","        ) {","        /*","         * this function will test buildApidoc's default handling-behavior-behavior","         */","            options = { modulePathList: module.paths };","            local.buildApidoc(options, onError);","        };","","        local.testCase_buildApp_default = local.testCase_buildApp_default || function (","            options,","            onError","        ) {","        /*","         * this function will test buildApp's default handling-behavior-behavior","         */","            local.testCase_buildReadme_default(options, local.onErrorThrow);","            local.testCase_buildLib_default(options, local.onErrorThrow);","            local.testCase_buildTest_default(options, local.onErrorThrow);","            local.testCase_buildCustomOrg_default(options, local.onErrorThrow);","            options = [];","            local.buildApp(options, onError);","        };","","        local.testCase_buildCustomOrg_default = local.testCase_buildCustomOrg_default ||","            function (options, onError) {","            /*","             * this function will test buildCustomOrg's default handling-behavior","             */","                options = {};","                local.buildCustomOrg(options, onError);","            };","","        local.testCase_buildLib_default = local.testCase_buildLib_default || function (","            options,","            onError","        ) {","        /*","         * this function will test buildLib's default handling-behavior","         */","            options = {};","            local.buildLib(options, onError);","        };","","        local.testCase_buildReadme_default = local.testCase_buildReadme_default || function (","            options,","            onError","        ) {","        /*","         * this function will test buildReadme's default handling-behavior-behavior","         */","            options = {};","            local.buildReadme(options, onError);","        };","","        local.testCase_buildTest_default = local.testCase_buildTest_default || function (","            options,","            onError","        ) {","        /*","         * this function will test buildTest's default handling-behavior","         */","            options = {};","            local.buildTest(options, onError);","        };","","        local.testCase_webpage_default = local.testCase_webpage_default || function (","            options,","            onError","        ) {","        /*","         * this function will test webpage's default handling-behavior","         */","            options = { modeCoverageMerge: true, url: local.serverLocalHost + '?modeTest=1' };","            local.browserTest(options, onError);","        };","","        // run test-server","        local.testRunServer(local);","        break;","    }","}());",""],"l":{"12":2,"14":2,"19":2,"21":2,"23":2,"24":2,"25":2,"30":1,"37":2,"40":2,"43":1,"47":1,"50":1,"52":1,"55":2,"61":2,"62":2,"64":2,"70":1,"76":1,"82":2,"83":2,"85":2,"92":1,"95":1,"102":1,"109":1,"110":1,"113":1,"120":1,"121":1,"122":1,"123":1,"124":1,"125":1,"128":1,"133":2,"134":2,"137":1,"144":2,"145":2,"148":1,"155":2,"156":2,"159":1,"166":2,"167":2,"170":1,"177":1,"178":1,"182":1,"183":1}},"/home/travis/build/npmtest/node-npmtest-mobile-detect/lib.npmtest_mobile_detect.js":{"path":"/home/travis/build/npmtest/node-npmtest-mobile-detect/lib.npmtest_mobile_detect.js","s":{"1":2,"2":2,"3":2,"4":2,"5":2,"6":2,"7":2,"8":1,"9":2,"10":2,"11":2,"12":2,"13":1,"14":1,"15":1,"16":1},"b":{"1":[2,1,1,1],"2":[1,1,1,1],"3":[1,1],"4":[2,2],"5":[1,1]},"f":{"1":2,"2":2,"3":2},"fnMap":{"1":{"name":"(anonymous_1)","line":12,"loc":{"start":{"line":12,"column":1},"end":{"line":12,"column":13}}},"2":{"name":"(anonymous_2)","line":19,"loc":{"start":{"line":19,"column":5},"end":{"line":19,"column":17}}},"3":{"name":"(anonymous_3)","line":23,"loc":{"start":{"line":23,"column":24},"end":{"line":23,"column":36}}}},"statementMap":{"1":{"start":{"line":12,"column":0},"end":{"line":53,"column":5}},"2":{"start":{"line":14,"column":4},"end":{"line":14,"column":14}},"3":{"start":{"line":19,"column":4},"end":{"line":52,"column":9}},"4":{"start":{"line":21,"column":8},"end":{"line":21,"column":19}},"5":{"start":{"line":23,"column":8},"end":{"line":35,"column":13}},"6":{"start":{"line":24,"column":12},"end":{"line":34,"column":13}},"7":{"start":{"line":25,"column":16},"end":{"line":28,"column":30}},"8":{"start":{"line":30,"column":16},"end":{"line":33,"column":27}},"9":{"start":{"line":37,"column":8},"end":{"line":39,"column":21}},"10":{"start":{"line":41,"column":8},"end":{"line":41,"column":54}},"11":{"start":{"line":43,"column":8},"end":{"line":43,"column":58}},"12":{"start":{"line":45,"column":8},"end":{"line":51,"column":9}},"13":{"start":{"line":46,"column":12},"end":{"line":46,"column":64}},"14":{"start":{"line":48,"column":12},"end":{"line":48,"column":35}},"15":{"start":{"line":49,"column":12},"end":{"line":49,"column":49}},"16":{"start":{"line":50,"column":12},"end":{"line":50,"column":43}}},"branchMap":{"1":{"line":25,"type":"binary-expr","locations":[{"start":{"line":25,"column":23},"end":{"line":25,"column":62}},{"start":{"line":26,"column":20},"end":{"line":26,"column":70}},{"start":{"line":27,"column":20},"end":{"line":27,"column":71}},{"start":{"line":28,"column":20},"end":{"line":28,"column":29}}]},"2":{"line":30,"type":"binary-expr","locations":[{"start":{"line":30,"column":23},"end":{"line":30,"column":37}},{"start":{"line":31,"column":20},"end":{"line":31,"column":61}},{"start":{"line":32,"column":20},"end":{"line":32,"column":70}},{"start":{"line":33,"column":20},"end":{"line":33,"column":26}}]},"3":{"line":37,"type":"cond-expr","locations":[{"start":{"line":38,"column":14},"end":{"line":38,"column":20}},{"start":{"line":39,"column":14},"end":{"line":39,"column":20}}]},"4":{"line":41,"type":"binary-expr","locations":[{"start":{"line":41,"column":16},"end":{"line":41,"column":44}},{"start":{"line":41,"column":48},"end":{"line":41,"column":53}}]},"5":{"line":45,"type":"if","locations":[{"start":{"line":45,"column":8},"end":{"line":45,"column":8}},{"start":{"line":45,"column":8},"end":{"line":45,"column":8}}]}},"code":["/* istanbul instrument in package npmtest_mobile_detect */","/*jslint","    bitwise: true,","    browser: true,","    maxerr: 8,","    maxlen: 96,","    node: true,","    nomen: true,","    regexp: true,","    stupid: true","*/","(function () {","    'use strict';","    var local;","","","","    // run shared js-env code - pre-init","    (function () {","        // init local","        local = {};","        // init modeJs","        local.modeJs = (function () {","            try {","                return typeof navigator.userAgent === 'string' &&","                    typeof document.querySelector('body') === 'object' &&","                    typeof XMLHttpRequest.prototype.open === 'function' &&","                    'browser';","            } catch (errorCaughtBrowser) {","                return module.exports &&","                    typeof process.versions.node === 'string' &&","                    typeof require('http').createServer === 'function' &&","                    'node';","            }","        }());","        // init global","        local.global = local.modeJs === 'browser'","            ? window","            : global;","        // init utility2_rollup","        local = local.global.utility2_rollup || local;","        // init lib","        local.local = local.npmtest_mobile_detect = local;","        // init exports","        if (local.modeJs === 'browser') {","            local.global.utility2_npmtest_mobile_detect = local;","        } else {","            module.exports = local;","            module.exports.__dirname = __dirname;","            module.exports.module = module;","        }","    }());","}());",""],"l":{"12":2,"14":2,"19":2,"21":2,"23":2,"24":2,"25":2,"30":1,"37":2,"41":2,"43":2,"45":2,"46":1,"48":1,"49":1,"50":1}},"/home/travis/build/npmtest/node-npmtest-mobile-detect/example.js":{"path":"/home/travis/build/npmtest/node-npmtest-mobile-detect/example.js","s":{"1":2,"2":2,"3":2,"4":2,"5":2,"6":2,"7":2,"8":1,"9":2,"10":2,"11":2,"12":2,"13":1,"14":2,"15":2,"16":2,"17":2,"18":2,"19":0,"20":2,"21":1,"22":1,"23":1,"24":1,"25":1,"26":0,"27":0,"28":1,"29":1,"30":2,"31":0,"32":0,"33":0,"34":1,"35":2,"36":2,"37":2,"38":2,"39":2,"40":2,"41":0,"42":2,"43":2,"44":2,"45":1,"46":3,"47":1,"48":1,"49":1,"50":1,"51":1,"52":1,"53":1,"54":1,"55":1,"56":1,"57":0,"58":1,"59":6,"60":6,"61":1,"62":2,"63":0,"64":2,"65":1,"66":1,"67":0,"68":0,"69":0,"70":0,"71":0,"72":0,"73":0,"74":0,"75":0,"76":0,"77":0,"78":0,"79":0,"80":0,"81":0,"82":0,"83":0},"b":{"1":[2,1,1,1],"2":[1,1,1,1],"3":[1,1],"4":[2,2],"5":[1,1],"6":[1,1],"7":[2,0],"8":[2,1,1,1,1,1],"9":[0,2,0],"10":[1,1],"11":[2,1,1],"12":[1,0],"13":[0,2],"14":[2,0,0,0,0,0,0],"15":[0,2],"16":[2,0],"17":[1,1],"18":[0,1],"19":[1,2,0,2],"20":[1,0],"21":[1,1],"22":[0,0],"23":[0,0],"24":[0,0],"25":[0,0],"26":[0,0],"27":[0,0],"28":[0,0]},"f":{"1":2,"2":2,"3":2,"4":2,"5":2,"6":2,"7":2,"8":2,"9":3,"10":1,"11":6,"12":0},"fnMap":{"1":{"name":"(anonymous_1)","line":26,"loc":{"start":{"line":26,"column":1},"end":{"line":26,"column":13}}},"2":{"name":"(anonymous_2)","line":33,"loc":{"start":{"line":33,"column":5},"end":{"line":33,"column":17}}},"3":{"name":"(anonymous_3)","line":37,"loc":{"start":{"line":37,"column":24},"end":{"line":37,"column":36}}},"4":{"name":"(anonymous_4)","line":69,"loc":{"start":{"line":69,"column":31},"end":{"line":69,"column":48}},"skip":true},"5":{"name":"(anonymous_5)","line":78,"loc":{"start":{"line":78,"column":26},"end":{"line":78,"column":45}},"skip":true},"6":{"name":"(anonymous_6)","line":123,"loc":{"start":{"line":123,"column":33},"end":{"line":123,"column":48}},"skip":true},"7":{"name":"(anonymous_7)","line":125,"loc":{"start":{"line":125,"column":27},"end":{"line":125,"column":39}},"skip":true},"8":{"name":"(anonymous_8)","line":133,"loc":{"start":{"line":133,"column":59},"end":{"line":133,"column":74}},"skip":true},"9":{"name":"(anonymous_9)","line":143,"loc":{"start":{"line":143,"column":45},"end":{"line":143,"column":62}},"skip":true},"10":{"name":"(anonymous_10)","line":144,"loc":{"start":{"line":144,"column":73},"end":{"line":144,"column":92}},"skip":true},"11":{"name":"(anonymous_11)","line":272,"loc":{"start":{"line":272,"column":51},"end":{"line":272,"column":77}},"skip":true},"12":{"name":"(anonymous_12)","line":314,"loc":{"start":{"line":314,"column":32},"end":{"line":314,"column":61}},"skip":true}},"statementMap":{"1":{"start":{"line":26,"column":0},"end":{"line":325,"column":5}},"2":{"start":{"line":28,"column":4},"end":{"line":28,"column":14}},"3":{"start":{"line":33,"column":4},"end":{"line":60,"column":9}},"4":{"start":{"line":35,"column":8},"end":{"line":35,"column":19}},"5":{"start":{"line":37,"column":8},"end":{"line":49,"column":13}},"6":{"start":{"line":38,"column":12},"end":{"line":48,"column":13}},"7":{"start":{"line":39,"column":16},"end":{"line":42,"column":30}},"8":{"start":{"line":44,"column":16},"end":{"line":47,"column":27}},"9":{"start":{"line":51,"column":8},"end":{"line":53,"column":21}},"10":{"start":{"line":55,"column":8},"end":{"line":57,"column":45}},"11":{"start":{"line":59,"column":8},"end":{"line":59,"column":35}},"12":{"start":{"line":61,"column":4},"end":{"line":324,"column":5}},"13":{"start":{"line":69,"column":8},"end":{"line":121,"column":10},"skip":true},"14":{"start":{"line":70,"column":12},"end":{"line":88,"column":13},"skip":true},"15":{"start":{"line":76,"column":16},"end":{"line":87,"column":19},"skip":true},"16":{"start":{"line":79,"column":20},"end":{"line":86,"column":21},"skip":true},"17":{"start":{"line":82,"column":24},"end":{"line":82,"column":43},"skip":true},"18":{"start":{"line":83,"column":24},"end":{"line":83,"column":30},"skip":true},"19":{"start":{"line":85,"column":24},"end":{"line":85,"column":49},"skip":true},"20":{"start":{"line":89,"column":12},"end":{"line":107,"column":13},"skip":true},"21":{"start":{"line":92,"column":16},"end":{"line":102,"column":17},"skip":true},"22":{"start":{"line":93,"column":20},"end":{"line":93,"column":86},"skip":true},"23":{"start":{"line":94,"column":20},"end":{"line":95,"column":45},"skip":true},"24":{"start":{"line":96,"column":20},"end":{"line":96,"column":42},"skip":true},"25":{"start":{"line":97,"column":20},"end":{"line":97,"column":48},"skip":true},"26":{"start":{"line":100,"column":20},"end":{"line":100,"column":85},"skip":true},"27":{"start":{"line":101,"column":20},"end":{"line":101,"column":96},"skip":true},"28":{"start":{"line":103,"column":16},"end":{"line":103,"column":22},"skip":true},"29":{"start":{"line":106,"column":16},"end":{"line":106,"column":22},"skip":true},"30":{"start":{"line":108,"column":12},"end":{"line":120,"column":13},"skip":true},"31":{"start":{"line":114,"column":16},"end":{"line":119,"column":17},"skip":true},"32":{"start":{"line":116,"column":20},"end":{"line":116,"column":78},"skip":true},"33":{"start":{"line":118,"column":20},"end":{"line":118,"column":53},"skip":true},"34":{"start":{"line":123,"column":8},"end":{"line":141,"column":11},"skip":true},"35":{"start":{"line":124,"column":12},"end":{"line":124,"column":54},"skip":true},"36":{"start":{"line":125,"column":12},"end":{"line":140,"column":14},"skip":true},"37":{"start":{"line":126,"column":16},"end":{"line":126,"column":28},"skip":true},"38":{"start":{"line":127,"column":16},"end":{"line":127,"column":69},"skip":true},"39":{"start":{"line":128,"column":16},"end":{"line":128,"column":75},"skip":true},"40":{"start":{"line":129,"column":16},"end":{"line":131,"column":17},"skip":true},"41":{"start":{"line":130,"column":20},"end":{"line":130,"column":27},"skip":true},"42":{"start":{"line":133,"column":16},"end":{"line":137,"column":36},"skip":true},"43":{"start":{"line":134,"column":20},"end":{"line":136,"column":55},"skip":true},"44":{"start":{"line":139,"column":16},"end":{"line":139,"column":57},"skip":true},"45":{"start":{"line":143,"column":8},"end":{"line":147,"column":11},"skip":true},"46":{"start":{"line":144,"column":12},"end":{"line":146,"column":15},"skip":true},"47":{"start":{"line":145,"column":16},"end":{"line":145,"column":70},"skip":true},"48":{"start":{"line":149,"column":8},"end":{"line":149,"column":31},"skip":true},"49":{"start":{"line":150,"column":8},"end":{"line":150,"column":14},"skip":true},"50":{"start":{"line":158,"column":8},"end":{"line":158,"column":31},"skip":true},"51":{"start":{"line":160,"column":8},"end":{"line":160,"column":33},"skip":true},"52":{"start":{"line":161,"column":8},"end":{"line":161,"column":37},"skip":true},"53":{"start":{"line":162,"column":8},"end":{"line":162,"column":35},"skip":true},"54":{"start":{"line":164,"column":8},"end":{"line":164,"column":50},"skip":true},"55":{"start":{"line":166,"column":8},"end":{"line":256,"column":2},"skip":true},"56":{"start":{"line":258,"column":8},"end":{"line":286,"column":9},"skip":true},"57":{"start":{"line":259,"column":12},"end":{"line":269,"column":14},"skip":true},"58":{"start":{"line":271,"column":12},"end":{"line":285,"column":19},"skip":true},"59":{"start":{"line":274,"column":20},"end":{"line":274,"column":35},"skip":true},"60":{"start":{"line":275,"column":20},"end":{"line":284,"column":21},"skip":true},"61":{"start":{"line":277,"column":24},"end":{"line":277,"column":64},"skip":true},"62":{"start":{"line":279,"column":24},"end":{"line":279,"column":40},"skip":true},"63":{"start":{"line":281,"column":24},"end":{"line":281,"column":40},"skip":true},"64":{"start":{"line":283,"column":24},"end":{"line":283,"column":39},"skip":true},"65":{"start":{"line":288,"column":8},"end":{"line":290,"column":9},"skip":true},"66":{"start":{"line":289,"column":12},"end":{"line":289,"column":18},"skip":true},"67":{"start":{"line":291,"column":8},"end":{"line":293,"column":54},"skip":true},"68":{"start":{"line":294,"column":8},"end":{"line":301,"column":37},"skip":true},"69":{"start":{"line":302,"column":8},"end":{"line":302,"column":82},"skip":true},"70":{"start":{"line":305,"column":8},"end":{"line":307,"column":9},"skip":true},"71":{"start":{"line":306,"column":12},"end":{"line":306,"column":82},"skip":true},"72":{"start":{"line":309,"column":8},"end":{"line":311,"column":9},"skip":true},"73":{"start":{"line":310,"column":12},"end":{"line":310,"column":18},"skip":true},"74":{"start":{"line":312,"column":8},"end":{"line":312,"column":54},"skip":true},"75":{"start":{"line":313,"column":8},"end":{"line":313,"column":69},"skip":true},"76":{"start":{"line":314,"column":8},"end":{"line":322,"column":36},"skip":true},"77":{"start":{"line":315,"column":12},"end":{"line":315,"column":61},"skip":true},"78":{"start":{"line":316,"column":12},"end":{"line":319,"column":13},"skip":true},"79":{"start":{"line":317,"column":16},"end":{"line":317,"column":75},"skip":true},"80":{"start":{"line":318,"column":16},"end":{"line":318,"column":23},"skip":true},"81":{"start":{"line":320,"column":12},"end":{"line":320,"column":38},"skip":true},"82":{"start":{"line":321,"column":12},"end":{"line":321,"column":27},"skip":true},"83":{"start":{"line":323,"column":8},"end":{"line":323,"column":14},"skip":true}},"branchMap":{"1":{"line":39,"type":"binary-expr","locations":[{"start":{"line":39,"column":23},"end":{"line":39,"column":62}},{"start":{"line":40,"column":20},"end":{"line":40,"column":70}},{"start":{"line":41,"column":20},"end":{"line":41,"column":71}},{"start":{"line":42,"column":20},"end":{"line":42,"column":29}}]},"2":{"line":44,"type":"binary-expr","locations":[{"start":{"line":44,"column":23},"end":{"line":44,"column":37}},{"start":{"line":45,"column":20},"end":{"line":45,"column":61}},{"start":{"line":46,"column":20},"end":{"line":46,"column":70}},{"start":{"line":47,"column":20},"end":{"line":47,"column":26}}]},"3":{"line":51,"type":"cond-expr","locations":[{"start":{"line":52,"column":14},"end":{"line":52,"column":20}},{"start":{"line":53,"column":14},"end":{"line":53,"column":20}}]},"4":{"line":55,"type":"binary-expr","locations":[{"start":{"line":55,"column":16},"end":{"line":55,"column":44}},{"start":{"line":55,"column":49},"end":{"line":57,"column":43}}]},"5":{"line":55,"type":"cond-expr","locations":[{"start":{"line":56,"column":14},"end":{"line":56,"column":57}},{"start":{"line":57,"column":14},"end":{"line":57,"column":43}}]},"6":{"line":61,"type":"switch","locations":[{"start":{"line":68,"column":4},"end":{"line":150,"column":14},"skip":true},{"start":{"line":156,"column":4},"end":{"line":323,"column":14},"skip":true}]},"7":{"line":70,"type":"if","locations":[{"start":{"line":70,"column":12},"end":{"line":70,"column":12},"skip":true},{"start":{"line":70,"column":12},"end":{"line":70,"column":12},"skip":true}]},"8":{"line":70,"type":"binary-expr","locations":[{"start":{"line":70,"column":16},"end":{"line":70,"column":22},"skip":true},{"start":{"line":70,"column":27},"end":{"line":70,"column":32},"skip":true},{"start":{"line":71,"column":20},"end":{"line":71,"column":39},"skip":true},{"start":{"line":72,"column":20},"end":{"line":72,"column":49},"skip":true},{"start":{"line":73,"column":20},"end":{"line":73,"column":58},"skip":true},{"start":{"line":74,"column":20},"end":{"line":74,"column":69},"skip":true}]},"9":{"line":79,"type":"switch","locations":[{"start":{"line":80,"column":20},"end":{"line":80,"column":33},"skip":true},{"start":{"line":81,"column":20},"end":{"line":83,"column":30},"skip":true},{"start":{"line":84,"column":20},"end":{"line":85,"column":49},"skip":true}]},"10":{"line":89,"type":"switch","locations":[{"start":{"line":90,"column":12},"end":{"line":103,"column":22},"skip":true},{"start":{"line":105,"column":12},"end":{"line":106,"column":22},"skip":true}]},"11":{"line":89,"type":"binary-expr","locations":[{"start":{"line":89,"column":20},"end":{"line":89,"column":25},"skip":true},{"start":{"line":89,"column":29},"end":{"line":89,"column":48},"skip":true},{"start":{"line":89,"column":52},"end":{"line":89,"column":74},"skip":true}]},"12":{"line":92,"type":"if","locations":[{"start":{"line":92,"column":16},"end":{"line":92,"column":16},"skip":true},{"start":{"line":92,"column":16},"end":{"line":92,"column":16},"skip":true}]},"13":{"line":108,"type":"if","locations":[{"start":{"line":108,"column":12},"end":{"line":108,"column":12},"skip":true},{"start":{"line":108,"column":12},"end":{"line":108,"column":12},"skip":true}]},"14":{"line":108,"type":"binary-expr","locations":[{"start":{"line":108,"column":16},"end":{"line":108,"column":61},"skip":true},{"start":{"line":108,"column":66},"end":{"line":108,"column":72},"skip":true},{"start":{"line":108,"column":77},"end":{"line":108,"column":82},"skip":true},{"start":{"line":109,"column":20},"end":{"line":109,"column":39},"skip":true},{"start":{"line":110,"column":20},"end":{"line":110,"column":49},"skip":true},{"start":{"line":111,"column":20},"end":{"line":111,"column":58},"skip":true},{"start":{"line":112,"column":20},"end":{"line":112,"column":68},"skip":true}]},"15":{"line":129,"type":"if","locations":[{"start":{"line":129,"column":16},"end":{"line":129,"column":16},"skip":true},{"start":{"line":129,"column":16},"end":{"line":129,"column":16},"skip":true}]},"16":{"line":134,"type":"cond-expr","locations":[{"start":{"line":135,"column":26},"end":{"line":135,"column":29},"skip":true},{"start":{"line":136,"column":26},"end":{"line":136,"column":54},"skip":true}]},"17":{"line":164,"type":"binary-expr","locations":[{"start":{"line":164,"column":27},"end":{"line":164,"column":43},"skip":true},{"start":{"line":164,"column":47},"end":{"line":164,"column":49},"skip":true}]},"18":{"line":258,"type":"if","locations":[{"start":{"line":258,"column":8},"end":{"line":258,"column":8},"skip":true},{"start":{"line":258,"column":8},"end":{"line":258,"column":8},"skip":true}]},"19":{"line":275,"type":"switch","locations":[{"start":{"line":276,"column":20},"end":{"line":277,"column":64},"skip":true},{"start":{"line":278,"column":20},"end":{"line":279,"column":40},"skip":true},{"start":{"line":280,"column":20},"end":{"line":281,"column":40},"skip":true},{"start":{"line":282,"column":20},"end":{"line":283,"column":39},"skip":true}]},"20":{"line":288,"type":"if","locations":[{"start":{"line":288,"column":8},"end":{"line":288,"column":8},"skip":true},{"start":{"line":288,"column":8},"end":{"line":288,"column":8},"skip":true}]},"21":{"line":288,"type":"binary-expr","locations":[{"start":{"line":288,"column":12},"end":{"line":288,"column":40},"skip":true},{"start":{"line":288,"column":44},"end":{"line":288,"column":67},"skip":true}]},"22":{"line":292,"type":"binary-expr","locations":[{"start":{"line":292,"column":12},"end":{"line":292,"column":50},"skip":true},{"start":{"line":293,"column":12},"end":{"line":293,"column":53},"skip":true}]},"23":{"line":295,"type":"binary-expr","locations":[{"start":{"line":295,"column":12},"end":{"line":295,"column":71},"skip":true},{"start":{"line":296,"column":12},"end":{"line":301,"column":36},"skip":true}]},"24":{"line":302,"type":"binary-expr","locations":[{"start":{"line":302,"column":43},"end":{"line":302,"column":75},"skip":true},{"start":{"line":302,"column":79},"end":{"line":302,"column":81},"skip":true}]},"25":{"line":305,"type":"if","locations":[{"start":{"line":305,"column":8},"end":{"line":305,"column":8},"skip":true},{"start":{"line":305,"column":8},"end":{"line":305,"column":8},"skip":true}]},"26":{"line":309,"type":"if","locations":[{"start":{"line":309,"column":8},"end":{"line":309,"column":8},"skip":true},{"start":{"line":309,"column":8},"end":{"line":309,"column":8},"skip":true}]},"27":{"line":312,"type":"binary-expr","locations":[{"start":{"line":312,"column":27},"end":{"line":312,"column":43},"skip":true},{"start":{"line":312,"column":47},"end":{"line":312,"column":53},"skip":true}]},"28":{"line":316,"type":"if","locations":[{"start":{"line":316,"column":12},"end":{"line":316,"column":12},"skip":true},{"start":{"line":316,"column":12},"end":{"line":316,"column":12},"skip":true}]}},"code":["/*","example.js","","quickstart example","","instruction","    1. save this script as example.js","    2. run the shell command:","        $ npm install npmtest-mobile-detect && PORT=8081 node example.js","    3. play with the browser-demo on http://127.0.0.1:8081","*/","","","","/* istanbul instrument in package npmtest_mobile_detect */","/*jslint","    bitwise: true,","    browser: true,","    maxerr: 8,","    maxlen: 96,","    node: true,","    nomen: true,","    regexp: true,","    stupid: true","*/","(function () {","    'use strict';","    var local;","","","","    // run shared js-env code - pre-init","    (function () {","        // init local","        local = {};","        // init modeJs","        local.modeJs = (function () {","            try {","                return typeof navigator.userAgent === 'string' &&","                    typeof document.querySelector('body') === 'object' &&","                    typeof XMLHttpRequest.prototype.open === 'function' &&","                    'browser';","            } catch (errorCaughtBrowser) {","                return module.exports &&","                    typeof process.versions.node === 'string' &&","                    typeof require('http').createServer === 'function' &&","                    'node';","            }","        }());","        // init global","        local.global = local.modeJs === 'browser'","            ? window","            : global;","        // init utility2_rollup","        local = local.global.utility2_rollup || (local.modeJs === 'browser'","            ? local.global.utility2_npmtest_mobile_detect","            : global.utility2_moduleExports);","        // export local","        local.global.local = local;","    }());","    switch (local.modeJs) {","","","","    // post-init","    // run browser js-env code - post-init","    /* istanbul ignore next */","    case 'browser':","        local.testRunBrowser = function (event) {","            if (!event || (event &&","                    event.currentTarget &&","                    event.currentTarget.className &&","                    event.currentTarget.className.includes &&","                    event.currentTarget.className.includes('onreset'))) {","                // reset output","                Array.from(","                    document.querySelectorAll('body > .resettable')","                ).forEach(function (element) {","                    switch (element.tagName) {","                    case 'INPUT':","                    case 'TEXTAREA':","                        element.value = '';","                        break;","                    default:","                        element.textContent = '';","                    }","                });","            }","            switch (event && event.currentTarget && event.currentTarget.id) {","            case 'testRunButton1':","                // show tests","                if (document.querySelector('#testReportDiv1').style.display === 'none') {","                    document.querySelector('#testReportDiv1').style.display = 'block';","                    document.querySelector('#testRunButton1').textContent =","                        'hide internal test';","                    local.modeTest = true;","                    local.testRunDefault(local);","                // hide tests","                } else {","                    document.querySelector('#testReportDiv1').style.display = 'none';","                    document.querySelector('#testRunButton1').textContent = 'run internal test';","                }","                break;","            // custom-case","            default:","                break;","            }","            if (document.querySelector('#inputTextareaEval1') && (!event || (event &&","                    event.currentTarget &&","                    event.currentTarget.className &&","                    event.currentTarget.className.includes &&","                    event.currentTarget.className.includes('oneval')))) {","                // try to eval input-code","                try {","                    /*jslint evil: true*/","                    eval(document.querySelector('#inputTextareaEval1').value);","                } catch (errorCaught) {","                    console.error(errorCaught.stack);","                }","            }","        };","        // log stderr and stdout to #outputTextareaStdout1","        ['error', 'log'].forEach(function (key) {","            console[key + '_original'] = console[key];","            console[key] = function () {","                var element;","                console[key + '_original'].apply(console, arguments);","                element = document.querySelector('#outputTextareaStdout1');","                if (!element) {","                    return;","                }","                // append text to #outputTextareaStdout1","                element.value += Array.from(arguments).map(function (arg) {","                    return typeof arg === 'string'","                        ? arg","                        : JSON.stringify(arg, null, 4);","                }).join(' ') + '\\n';","                // scroll textarea to bottom","                element.scrollTop = element.scrollHeight;","            };","        });","        // init event-handling","        ['change', 'click', 'keyup'].forEach(function (event) {","            Array.from(document.querySelectorAll('.on' + event)).forEach(function (element) {","                element.addEventListener(event, local.testRunBrowser);","            });","        });","        // run tests","        local.testRunBrowser();","        break;","","","","    // run node js-env code - post-init","    /* istanbul ignore next */","    case 'node':","        // export local","        module.exports = local;","        // require modules","        local.fs = require('fs');","        local.http = require('http');","        local.url = require('url');","        // init assets","        local.assetsDict = local.assetsDict || {};","        /* jslint-ignore-begin */","        local.assetsDict['/assets.index.template.html'] = '\\","<!doctype html>\\n\\","<html lang=\"en\">\\n\\","<head>\\n\\","<meta charset=\"UTF-8\">\\n\\","<meta name=\"viewport\" content=\"width=device-width, initial-scale=1\">\\n\\","<title>{{env.npm_package_name}} (v{{env.npm_package_version}})</title>\\n\\","<style>\\n\\","/*csslint\\n\\","    box-sizing: false,\\n\\","    universal-selector: false\\n\\","*/\\n\\","* {\\n\\","    box-sizing: border-box;\\n\\","}\\n\\","body {\\n\\","    background: #dde;\\n\\","    font-family: Arial, Helvetica, sans-serif;\\n\\","    margin: 2rem;\\n\\","}\\n\\","body > * {\\n\\","    margin-bottom: 1rem;\\n\\","}\\n\\",".utility2FooterDiv {\\n\\","    margin-top: 20px;\\n\\","    text-align: center;\\n\\","}\\n\\","</style>\\n\\","<style>\\n\\","/*csslint\\n\\","*/\\n\\","textarea {\\n\\","    font-family: monospace;\\n\\","    height: 10rem;\\n\\","    width: 100%;\\n\\","}\\n\\","textarea[readonly] {\\n\\","    background: #ddd;\\n\\","}\\n\\","</style>\\n\\","</head>\\n\\","<body>\\n\\","<!-- utility2-comment\\n\\","<div id=\"ajaxProgressDiv1\" style=\"background: #d00; height: 2px; left: 0; margin: 0; padding: 0; position: fixed; top: 0; transition: background 0.5s, width 1.5s; width: 25%;\"></div>\\n\\","utility2-comment -->\\n\\","<h1>\\n\\","<!-- utility2-comment\\n\\","    <a\\n\\","        {{#if env.npm_package_homepage}}\\n\\","        href=\"{{env.npm_package_homepage}}\"\\n\\","        {{/if env.npm_package_homepage}}\\n\\","        target=\"_blank\"\\n\\","    >\\n\\","utility2-comment -->\\n\\","        {{env.npm_package_name}} (v{{env.npm_package_version}})\\n\\","<!-- utility2-comment\\n\\","    </a>\\n\\","utility2-comment -->\\n\\","</h1>\\n\\","<h3>{{env.npm_package_description}}</h3>\\n\\","<!-- utility2-comment\\n\\","<h4><a download href=\"assets.app.js\">download standalone app</a></h4>\\n\\","<button class=\"onclick onreset\" id=\"testRunButton1\">run internal test</button><br>\\n\\","<div id=\"testReportDiv1\" style=\"display: none;\"></div>\\n\\","utility2-comment -->\\n\\","\\n\\","\\n\\","\\n\\","<label>stderr and stdout</label>\\n\\","<textarea class=\"resettable\" id=\"outputTextareaStdout1\" readonly></textarea>\\n\\","<!-- utility2-comment\\n\\","{{#if isRollup}}\\n\\","<script src=\"assets.app.js\"></script>\\n\\","{{#unless isRollup}}\\n\\","utility2-comment -->\\n\\","<script src=\"assets.utility2.rollup.js\"></script>\\n\\","<script src=\"jsonp.utility2._stateInit?callback=window.utility2._stateInit\"></script>\\n\\","<script src=\"assets.npmtest_mobile_detect.rollup.js\"></script>\\n\\","<script src=\"assets.example.js\"></script>\\n\\","<script src=\"assets.test.js\"></script>\\n\\","<!-- utility2-comment\\n\\","{{/if isRollup}}\\n\\","utility2-comment -->\\n\\","<div class=\"utility2FooterDiv\">\\n\\","    [ this app was created with\\n\\","    <a href=\"https://github.com/kaizhu256/node-utility2\" target=\"_blank\">utility2</a>\\n\\","    ]\\n\\","</div>\\n\\","</body>\\n\\","</html>\\n\\","';","        /* jslint-ignore-end */","        if (local.templateRender) {","            local.assetsDict['/'] = local.templateRender(","                local.assetsDict['/assets.index.template.html'],","                {","                    env: local.objectSetDefault(local.env, {","                        npm_package_description: 'the greatest app in the world!',","                        npm_package_name: 'my-app',","                        npm_package_nameAlias: 'my_app',","                        npm_package_version: '0.0.1'","                    })","                }","            );","        } else {","            local.assetsDict['/'] = local.assetsDict['/assets.index.template.html']","                .replace((/\\{\\{env\\.(\\w+?)\\}\\}/g), function (match0, match1) {","                    // jslint-hack","                    String(match0);","                    switch (match1) {","                    case 'npm_package_description':","                        return 'the greatest app in the world!';","                    case 'npm_package_name':","                        return 'my-app';","                    case 'npm_package_nameAlias':","                        return 'my_app';","                    case 'npm_package_version':","                        return '0.0.1';","                    }","                });","        }","        // run the cli","        if (local.global.utility2_rollup || module !== require.main) {","            break;","        }","        local.assetsDict['/assets.example.js'] =","            local.assetsDict['/assets.example.js'] ||","            local.fs.readFileSync(__filename, 'utf8');","        local.assetsDict['/assets.npmtest_mobile_detect.rollup.js'] =","            local.assetsDict['/assets.npmtest_mobile_detect.rollup.js'] ||","            local.fs.readFileSync(","                // buildCustomOrg-hack","                local.npmtest_mobile_detect.__dirname +","                    '/lib.npmtest_mobile_detect.js',","                'utf8'","            ).replace((/^#!/), '//');","        local.assetsDict['/favicon.ico'] = local.assetsDict['/favicon.ico'] || '';","        // if $npm_config_timeout_exit exists,","        // then exit this process after $npm_config_timeout_exit ms","        if (Number(process.env.npm_config_timeout_exit)) {","            setTimeout(process.exit, Number(process.env.npm_config_timeout_exit));","        }","        // start server","        if (local.global.utility2_serverHttp1) {","            break;","        }","        process.env.PORT = process.env.PORT || '8081';","        console.error('server starting on port ' + process.env.PORT);","        local.http.createServer(function (request, response) {","            request.urlParsed = local.url.parse(request.url);","            if (local.assetsDict[request.urlParsed.pathname] !== undefined) {","                response.end(local.assetsDict[request.urlParsed.pathname]);","                return;","            }","            response.statusCode = 404;","            response.end();","        }).listen(process.env.PORT);","        break;","    }","}());",""],"l":{"26":2,"28":2,"33":2,"35":2,"37":2,"38":2,"39":2,"44":1,"51":2,"55":2,"59":2,"61":2,"69":1,"70":2,"76":2,"79":2,"82":2,"83":2,"85":1,"89":2,"92":1,"93":1,"94":1,"96":1,"97":1,"100":1,"101":1,"103":1,"106":1,"108":2,"114":1,"116":1,"118":1,"123":1,"124":2,"125":2,"126":2,"127":2,"128":2,"129":2,"130":1,"133":2,"134":2,"139":2,"143":1,"144":3,"145":1,"149":1,"150":1,"158":1,"160":1,"161":1,"162":1,"164":1,"166":1,"258":1,"259":1,"271":1,"274":6,"275":6,"277":1,"279":2,"281":1,"283":2,"288":1,"289":1,"291":1,"294":1,"302":1,"305":1,"306":1,"309":1,"310":1,"312":1,"313":1,"314":1,"315":1,"316":1,"317":1,"318":1,"320":1,"321":1,"323":1}},"/home/travis/build/npmtest/node-npmtest-mobile-detect/mobile-detect/mobile-detect.js":{"path":"/home/travis/build/npmtest/node-npmtest-mobile-detect/mobile-detect/mobile-detect.js","s":{"1":1,"2":1,"3":1,"4":1,"5":1,"6":1,"7":1,"8":1,"9":1,"10":1,"11":0,"12":1,"13":0,"14":1,"15":0,"16":0,"17":0,"18":0,"19":0,"20":0,"21":0,"22":0,"23":1,"24":5,"25":181,"26":181,"27":1,"28":1,"29":1,"30":47,"31":47,"32":47,"33":37,"34":47,"35":47,"36":61,"37":61,"38":61,"39":61,"40":61,"41":47,"42":1,"43":1,"44":1,"45":1,"46":1,"47":1,"48":1,"49":0,"50":0,"51":0,"52":0,"53":0,"54":1,"55":0,"56":0,"57":0,"58":0,"59":0,"60":0,"61":1,"62":0,"63":0,"64":0,"65":0,"66":0,"67":0,"68":0,"69":0,"70":0,"71":1,"72":0,"73":0,"74":1,"75":0,"76":0,"77":0,"78":0,"79":0,"80":0,"81":0,"82":0,"83":0,"84":1,"85":0,"86":1,"87":0,"88":1,"89":0,"90":0,"91":0,"92":0,"93":0,"94":0,"95":0,"96":0,"97":0,"98":0,"99":0,"100":0,"101":0,"102":0,"103":0,"104":0,"105":0,"106":0,"107":0,"108":0,"109":0,"110":0,"111":0,"112":0,"113":0,"114":0,"115":0,"116":1,"117":0,"118":0,"119":0,"120":0,"121":0,"122":0,"123":0,"124":0,"125":1,"126":0,"127":1,"128":0,"129":1,"130":0,"131":0,"132":0,"133":1,"134":0,"135":0,"136":0,"137":0,"138":0,"139":0,"140":0,"141":0,"142":0,"143":0,"144":0,"145":0,"146":0,"147":0,"148":0,"149":0,"150":0,"151":0,"152":0,"153":0,"154":0,"155":0,"156":0,"157":0,"158":0,"159":1,"160":0,"161":0,"162":1,"163":1,"164":1,"165":1,"166":1,"167":1,"168":1,"169":0,"170":0,"171":0,"172":0,"173":0,"174":0},"b":{"1":[1,0],"2":[0,0,0],"3":[0,0],"4":[0,0],"5":[0,0],"6":[181,0],"7":[47,0],"8":[37,10],"9":[61,0],"10":[0,0],"11":[0,0],"12":[0,0],"13":[0,0],"14":[0,0],"15":[0,0],"16":[0,0],"17":[0,0],"18":[0,0],"19":[0,0],"20":[0,0],"21":[0,0],"22":[0,0],"23":[0,0],"24":[0,0],"25":[0,0],"26":[0,0],"27":[0,0],"28":[0,0,0,0,0,0,0,0,0,0,0,0,0,0,0,0,0,0,0,0,0,0,0,0,0,0,0,0,0,0,0,0,0,0,0,0,0,0,0,0,0,0,0,0,0,0,0,0,0],"29":[0,0],"30":[0,0,0,0,0,0,0,0,0,0,0,0,0,0,0,0],"31":[0,0],"32":[0,0,0],"33":[0,0],"34":[0,0],"35":[0,0],"36":[0,0],"37":[0,0],"38":[0,0],"39":[0,0],"40":[0,0,0,0,0],"41":[0,0],"42":[0,0],"43":[0,0],"44":[0,1],"45":[1,0],"46":[0,0],"47":[1,0],"48":[1,1],"49":[0,0],"50":[0,0],"51":[0,0]},"f":{"1":1,"2":1,"3":0,"4":0,"5":0,"6":5,"7":1,"8":0,"9":0,"10":0,"11":0,"12":0,"13":0,"14":0,"15":0,"16":0,"17":0,"18":0,"19":0,"20":0,"21":0,"22":0,"23":0,"24":0,"25":0,"26":0,"27":0,"28":0,"29":0,"30":0,"31":0,"32":0,"33":0,"34":1,"35":1,"36":0},"fnMap":{"1":{"name":"(anonymous_1)","line":6,"loc":{"start":{"line":6,"column":1},"end":{"line":6,"column":30}}},"2":{"name":"(anonymous_2)","line":7,"loc":{"start":{"line":7,"column":7},"end":{"line":7,"column":19}}},"3":{"name":"(anonymous_3)","line":304,"loc":{"start":{"line":304,"column":24},"end":{"line":304,"column":41}}},"4":{"name":"equalIC","line":306,"loc":{"start":{"line":306,"column":4},"end":{"line":306,"column":27}}},"5":{"name":"containsIC","line":310,"loc":{"start":{"line":310,"column":4},"end":{"line":310,"column":38}}},"6":{"name":"convertPropsToRegExp","line":324,"loc":{"start":{"line":324,"column":4},"end":{"line":324,"column":42}}},"7":{"name":"init","line":332,"loc":{"start":{"line":332,"column":5},"end":{"line":332,"column":21}}},"8":{"name":"(anonymous_8)","line":372,"loc":{"start":{"line":372,"column":21},"end":{"line":372,"column":48}}},"9":{"name":"(anonymous_9)","line":390,"loc":{"start":{"line":390,"column":23},"end":{"line":390,"column":50}}},"10":{"name":"(anonymous_10)","line":410,"loc":{"start":{"line":410,"column":25},"end":{"line":410,"column":60}}},"11":{"name":"(anonymous_11)","line":434,"loc":{"start":{"line":434,"column":22},"end":{"line":434,"column":57}}},"12":{"name":"(anonymous_12)","line":446,"loc":{"start":{"line":446,"column":28},"end":{"line":446,"column":47}}},"13":{"name":"(anonymous_13)","line":461,"loc":{"start":{"line":461,"column":28},"end":{"line":461,"column":49}}},"14":{"name":"(anonymous_14)","line":466,"loc":{"start":{"line":466,"column":28},"end":{"line":466,"column":49}}},"15":{"name":"(anonymous_15)","line":470,"loc":{"start":{"line":470,"column":33},"end":{"line":470,"column":76}}},"16":{"name":"(anonymous_16)","line":514,"loc":{"start":{"line":514,"column":23},"end":{"line":514,"column":36}}},"17":{"name":"(anonymous_17)","line":639,"loc":{"start":{"line":639,"column":20},"end":{"line":639,"column":34}}},"18":{"name":"(anonymous_18)","line":644,"loc":{"start":{"line":644,"column":32},"end":{"line":644,"column":44}}},"19":{"name":"MobileDetect","line":677,"loc":{"start":{"line":677,"column":4},"end":{"line":677,"column":52}}},"20":{"name":"(anonymous_20)","line":709,"loc":{"start":{"line":709,"column":16},"end":{"line":709,"column":28}}},"21":{"name":"(anonymous_21)","line":739,"loc":{"start":{"line":739,"column":15},"end":{"line":739,"column":27}}},"22":{"name":"(anonymous_22)","line":788,"loc":{"start":{"line":788,"column":16},"end":{"line":788,"column":28}}},"23":{"name":"(anonymous_23)","line":809,"loc":{"start":{"line":809,"column":19},"end":{"line":809,"column":31}}},"24":{"name":"(anonymous_24)","line":832,"loc":{"start":{"line":832,"column":20},"end":{"line":832,"column":32}}},"25":{"name":"(anonymous_25)","line":849,"loc":{"start":{"line":849,"column":12},"end":{"line":849,"column":24}}},"26":{"name":"(anonymous_26)","line":874,"loc":{"start":{"line":874,"column":17},"end":{"line":874,"column":32}}},"27":{"name":"(anonymous_27)","line":895,"loc":{"start":{"line":895,"column":20},"end":{"line":895,"column":35}}},"28":{"name":"(anonymous_28)","line":913,"loc":{"start":{"line":913,"column":12},"end":{"line":913,"column":27}}},"29":{"name":"(anonymous_29)","line":929,"loc":{"start":{"line":929,"column":15},"end":{"line":929,"column":34}}},"30":{"name":"(anonymous_30)","line":946,"loc":{"start":{"line":946,"column":22},"end":{"line":946,"column":47}}},"31":{"name":"(anonymous_31)","line":956,"loc":{"start":{"line":956,"column":21},"end":{"line":956,"column":33}}},"32":{"name":"(anonymous_32)","line":966,"loc":{"start":{"line":966,"column":36},"end":{"line":966,"column":61}}},"33":{"name":"(anonymous_33)","line":970,"loc":{"start":{"line":970,"column":36},"end":{"line":970,"column":48}}},"34":{"name":"(anonymous_34)","line":980,"loc":{"start":{"line":980,"column":4},"end":{"line":980,"column":25}}},"35":{"name":"(anonymous_35)","line":982,"loc":{"start":{"line":982,"column":15},"end":{"line":982,"column":34}}},"36":{"name":"(anonymous_36)","line":986,"loc":{"start":{"line":986,"column":15},"end":{"line":986,"column":34}}}},"statementMap":{"1":{"start":{"line":6,"column":0},"end":{"line":991,"column":6}},"2":{"start":{"line":7,"column":0},"end":{"line":979,"column":3}},"3":{"start":{"line":10,"column":4},"end":{"line":10,"column":18}},"4":{"start":{"line":12,"column":4},"end":{"line":287,"column":2}},"5":{"start":{"line":290,"column":4},"end":{"line":294,"column":6}},"6":{"start":{"line":296,"column":4},"end":{"line":297,"column":16}},"7":{"start":{"line":299,"column":4},"end":{"line":299,"column":41}},"8":{"start":{"line":300,"column":4},"end":{"line":300,"column":43}},"9":{"start":{"line":301,"column":4},"end":{"line":301,"column":43}},"10":{"start":{"line":303,"column":4},"end":{"line":304,"column":112}},"11":{"start":{"line":304,"column":43},"end":{"line":304,"column":109}},"12":{"start":{"line":306,"column":4},"end":{"line":308,"column":5}},"13":{"start":{"line":307,"column":8},"end":{"line":307,"column":77}},"14":{"start":{"line":310,"column":4},"end":{"line":322,"column":5}},"15":{"start":{"line":311,"column":8},"end":{"line":311,"column":43}},"16":{"start":{"line":312,"column":8},"end":{"line":314,"column":9}},"17":{"start":{"line":313,"column":12},"end":{"line":313,"column":25}},"18":{"start":{"line":315,"column":8},"end":{"line":315,"column":38}},"19":{"start":{"line":316,"column":8},"end":{"line":320,"column":9}},"20":{"start":{"line":317,"column":12},"end":{"line":319,"column":13}},"21":{"start":{"line":318,"column":16},"end":{"line":318,"column":28}},"22":{"start":{"line":321,"column":8},"end":{"line":321,"column":21}},"23":{"start":{"line":324,"column":4},"end":{"line":330,"column":5}},"24":{"start":{"line":325,"column":8},"end":{"line":329,"column":9}},"25":{"start":{"line":326,"column":12},"end":{"line":328,"column":13}},"26":{"start":{"line":327,"column":16},"end":{"line":327,"column":59}},"27":{"start":{"line":332,"column":4},"end":{"line":363,"column":9}},"28":{"start":{"line":333,"column":8},"end":{"line":333,"column":91}},"29":{"start":{"line":334,"column":8},"end":{"line":351,"column":9}},"30":{"start":{"line":335,"column":12},"end":{"line":350,"column":13}},"31":{"start":{"line":336,"column":16},"end":{"line":336,"column":54}},"32":{"start":{"line":337,"column":16},"end":{"line":339,"column":17}},"33":{"start":{"line":338,"column":20},"end":{"line":338,"column":38}},"34":{"start":{"line":340,"column":16},"end":{"line":340,"column":36}},"35":{"start":{"line":341,"column":16},"end":{"line":348,"column":17}},"36":{"start":{"line":342,"column":20},"end":{"line":342,"column":38}},"37":{"start":{"line":343,"column":20},"end":{"line":343,"column":52}},"38":{"start":{"line":344,"column":20},"end":{"line":346,"column":21}},"39":{"start":{"line":345,"column":24},"end":{"line":345,"column":107}},"40":{"start":{"line":347,"column":20},"end":{"line":347,"column":55}},"41":{"start":{"line":349,"column":16},"end":{"line":349,"column":54}},"42":{"start":{"line":352,"column":8},"end":{"line":352,"column":52}},"43":{"start":{"line":353,"column":8},"end":{"line":353,"column":55}},"44":{"start":{"line":354,"column":8},"end":{"line":354,"column":56}},"45":{"start":{"line":355,"column":8},"end":{"line":355,"column":52}},"46":{"start":{"line":356,"column":8},"end":{"line":356,"column":54}},"47":{"start":{"line":359,"column":8},"end":{"line":362,"column":10}},"48":{"start":{"line":372,"column":4},"end":{"line":381,"column":6}},"49":{"start":{"line":373,"column":8},"end":{"line":379,"column":9}},"50":{"start":{"line":374,"column":12},"end":{"line":378,"column":13}},"51":{"start":{"line":375,"column":16},"end":{"line":377,"column":17}},"52":{"start":{"line":376,"column":20},"end":{"line":376,"column":31}},"53":{"start":{"line":380,"column":8},"end":{"line":380,"column":20}},"54":{"start":{"line":390,"column":4},"end":{"line":400,"column":6}},"55":{"start":{"line":391,"column":8},"end":{"line":391,"column":24}},"56":{"start":{"line":392,"column":8},"end":{"line":398,"column":9}},"57":{"start":{"line":393,"column":12},"end":{"line":397,"column":13}},"58":{"start":{"line":394,"column":16},"end":{"line":396,"column":17}},"59":{"start":{"line":395,"column":20},"end":{"line":395,"column":37}},"60":{"start":{"line":399,"column":8},"end":{"line":399,"column":22}},"61":{"start":{"line":410,"column":4},"end":{"line":423,"column":6}},"62":{"start":{"line":411,"column":8},"end":{"line":411,"column":74}},"63":{"start":{"line":412,"column":8},"end":{"line":421,"column":9}},"64":{"start":{"line":413,"column":12},"end":{"line":413,"column":43}},"65":{"start":{"line":414,"column":12},"end":{"line":414,"column":34}},"66":{"start":{"line":415,"column":12},"end":{"line":420,"column":13}},"67":{"start":{"line":416,"column":16},"end":{"line":416,"column":52}},"68":{"start":{"line":417,"column":16},"end":{"line":419,"column":17}},"69":{"start":{"line":418,"column":20},"end":{"line":418,"column":36}},"70":{"start":{"line":422,"column":8},"end":{"line":422,"column":20}},"71":{"start":{"line":434,"column":4},"end":{"line":437,"column":6}},"72":{"start":{"line":435,"column":8},"end":{"line":435,"column":66}},"73":{"start":{"line":436,"column":8},"end":{"line":436,"column":62}},"74":{"start":{"line":446,"column":4},"end":{"line":459,"column":6}},"75":{"start":{"line":447,"column":8},"end":{"line":447,"column":20}},"76":{"start":{"line":449,"column":8},"end":{"line":449,"column":49}},"77":{"start":{"line":450,"column":8},"end":{"line":452,"column":9}},"78":{"start":{"line":451,"column":12},"end":{"line":451,"column":33}},"79":{"start":{"line":453,"column":8},"end":{"line":457,"column":9}},"80":{"start":{"line":454,"column":12},"end":{"line":454,"column":39}},"81":{"start":{"line":455,"column":12},"end":{"line":455,"column":28}},"82":{"start":{"line":456,"column":12},"end":{"line":456,"column":40}},"83":{"start":{"line":458,"column":8},"end":{"line":458,"column":31}},"84":{"start":{"line":461,"column":4},"end":{"line":464,"column":6}},"85":{"start":{"line":462,"column":8},"end":{"line":463,"column":79}},"86":{"start":{"line":466,"column":4},"end":{"line":468,"column":6}},"87":{"start":{"line":467,"column":8},"end":{"line":467,"column":71}},"88":{"start":{"line":470,"column":4},"end":{"line":511,"column":6}},"89":{"start":{"line":471,"column":8},"end":{"line":473,"column":9}},"90":{"start":{"line":472,"column":12},"end":{"line":472,"column":19}},"91":{"start":{"line":474,"column":8},"end":{"line":474,"column":38}},"92":{"start":{"line":477,"column":8},"end":{"line":477,"column":75}},"93":{"start":{"line":478,"column":8},"end":{"line":482,"column":9}},"94":{"start":{"line":479,"column":12},"end":{"line":479,"column":49}},"95":{"start":{"line":480,"column":12},"end":{"line":480,"column":31}},"96":{"start":{"line":481,"column":12},"end":{"line":481,"column":19}},"97":{"start":{"line":484,"column":8},"end":{"line":484,"column":73}},"98":{"start":{"line":485,"column":8},"end":{"line":489,"column":9}},"99":{"start":{"line":486,"column":12},"end":{"line":486,"column":47}},"100":{"start":{"line":487,"column":12},"end":{"line":487,"column":32}},"101":{"start":{"line":488,"column":12},"end":{"line":488,"column":19}},"102":{"start":{"line":492,"column":8},"end":{"line":510,"column":9}},"103":{"start":{"line":493,"column":12},"end":{"line":493,"column":66}},"104":{"start":{"line":494,"column":12},"end":{"line":503,"column":13}},"105":{"start":{"line":495,"column":16},"end":{"line":495,"column":52}},"106":{"start":{"line":496,"column":16},"end":{"line":496,"column":50}},"107":{"start":{"line":497,"column":19},"end":{"line":503,"column":13}},"108":{"start":{"line":498,"column":16},"end":{"line":498,"column":65}},"109":{"start":{"line":499,"column":16},"end":{"line":499,"column":36}},"110":{"start":{"line":501,"column":16},"end":{"line":501,"column":67}},"111":{"start":{"line":502,"column":16},"end":{"line":502,"column":35}},"112":{"start":{"line":504,"column":15},"end":{"line":510,"column":9}},"113":{"start":{"line":505,"column":12},"end":{"line":505,"column":63}},"114":{"start":{"line":506,"column":12},"end":{"line":506,"column":31}},"115":{"start":{"line":509,"column":12},"end":{"line":509,"column":61}},"116":{"start":{"line":514,"column":4},"end":{"line":637,"column":6}},"117":{"start":{"line":523,"column":8},"end":{"line":523,"column":44}},"118":{"start":{"line":525,"column":8},"end":{"line":601,"column":9}},"119":{"start":{"line":600,"column":12},"end":{"line":600,"column":23}},"120":{"start":{"line":603,"column":8},"end":{"line":622,"column":9}},"121":{"start":{"line":621,"column":12},"end":{"line":621,"column":23}},"122":{"start":{"line":624,"column":8},"end":{"line":632,"column":9}},"123":{"start":{"line":631,"column":12},"end":{"line":631,"column":23}},"124":{"start":{"line":636,"column":8},"end":{"line":636,"column":19}},"125":{"start":{"line":639,"column":4},"end":{"line":642,"column":6}},"126":{"start":{"line":640,"column":8},"end":{"line":641,"column":59}},"127":{"start":{"line":644,"column":4},"end":{"line":648,"column":6}},"128":{"start":{"line":645,"column":8},"end":{"line":647,"column":33}},"129":{"start":{"line":677,"column":4},"end":{"line":682,"column":5}},"130":{"start":{"line":678,"column":8},"end":{"line":678,"column":34}},"131":{"start":{"line":679,"column":8},"end":{"line":679,"column":25}},"132":{"start":{"line":681,"column":8},"end":{"line":681,"column":50}},"133":{"start":{"line":684,"column":4},"end":{"line":962,"column":6}},"134":{"start":{"line":710,"column":12},"end":{"line":710,"column":81}},"135":{"start":{"line":711,"column":12},"end":{"line":711,"column":38}},"136":{"start":{"line":740,"column":12},"end":{"line":740,"column":81}},"137":{"start":{"line":741,"column":12},"end":{"line":741,"column":37}},"138":{"start":{"line":789,"column":12},"end":{"line":789,"column":81}},"139":{"start":{"line":790,"column":12},"end":{"line":790,"column":38}},"140":{"start":{"line":810,"column":12},"end":{"line":812,"column":13}},"141":{"start":{"line":811,"column":16},"end":{"line":811,"column":92}},"142":{"start":{"line":813,"column":12},"end":{"line":813,"column":41}},"143":{"start":{"line":833,"column":12},"end":{"line":835,"column":13}},"144":{"start":{"line":834,"column":16},"end":{"line":834,"column":95}},"145":{"start":{"line":836,"column":12},"end":{"line":836,"column":42}},"146":{"start":{"line":850,"column":12},"end":{"line":852,"column":13}},"147":{"start":{"line":851,"column":16},"end":{"line":851,"column":56}},"148":{"start":{"line":853,"column":12},"end":{"line":853,"column":34}},"149":{"start":{"line":875,"column":12},"end":{"line":875,"column":49}},"150":{"start":{"line":896,"column":12},"end":{"line":896,"column":52}},"151":{"start":{"line":914,"column":12},"end":{"line":918,"column":92}},"152":{"start":{"line":930,"column":12},"end":{"line":932,"column":13}},"153":{"start":{"line":931,"column":16},"end":{"line":931,"column":51}},"154":{"start":{"line":933,"column":12},"end":{"line":933,"column":41}},"155":{"start":{"line":947,"column":12},"end":{"line":947,"column":82}},"156":{"start":{"line":957,"column":12},"end":{"line":959,"column":13}},"157":{"start":{"line":958,"column":16},"end":{"line":958,"column":59}},"158":{"start":{"line":960,"column":12},"end":{"line":960,"column":37}},"159":{"start":{"line":965,"column":4},"end":{"line":971,"column":5}},"160":{"start":{"line":966,"column":8},"end":{"line":968,"column":10}},"161":{"start":{"line":967,"column":12},"end":{"line":967,"column":96}},"162":{"start":{"line":970,"column":8},"end":{"line":970,"column":51}},"163":{"start":{"line":974,"column":4},"end":{"line":974,"column":30}},"164":{"start":{"line":976,"column":4},"end":{"line":976,"column":46}},"165":{"start":{"line":978,"column":4},"end":{"line":978,"column":24}},"166":{"start":{"line":981,"column":4},"end":{"line":990,"column":5}},"167":{"start":{"line":982,"column":8},"end":{"line":982,"column":66}},"168":{"start":{"line":982,"column":36},"end":{"line":982,"column":63}},"169":{"start":{"line":983,"column":11},"end":{"line":990,"column":5}},"170":{"start":{"line":984,"column":8},"end":{"line":984,"column":22}},"171":{"start":{"line":985,"column":11},"end":{"line":990,"column":5}},"172":{"start":{"line":986,"column":8},"end":{"line":986,"column":71}},"173":{"start":{"line":986,"column":36},"end":{"line":986,"column":68}},"174":{"start":{"line":989,"column":8},"end":{"line":989,"column":47}}},"branchMap":{"1":{"line":303,"type":"cond-expr","locations":[{"start":{"line":304,"column":8},"end":{"line":304,"column":21}},{"start":{"line":304,"column":24},"end":{"line":304,"column":111}}]},"2":{"line":307,"type":"binary-expr","locations":[{"start":{"line":307,"column":15},"end":{"line":307,"column":24}},{"start":{"line":307,"column":28},"end":{"line":307,"column":37}},{"start":{"line":307,"column":41},"end":{"line":307,"column":76}}]},"3":{"line":312,"type":"if","locations":[{"start":{"line":312,"column":8},"end":{"line":312,"column":8}},{"start":{"line":312,"column":8},"end":{"line":312,"column":8}}]},"4":{"line":312,"type":"binary-expr","locations":[{"start":{"line":312,"column":12},"end":{"line":312,"column":16}},{"start":{"line":312,"column":20},"end":{"line":312,"column":26}}]},"5":{"line":317,"type":"if","locations":[{"start":{"line":317,"column":12},"end":{"line":317,"column":12}},{"start":{"line":317,"column":12},"end":{"line":317,"column":12}}]},"6":{"line":326,"type":"if","locations":[{"start":{"line":326,"column":12},"end":{"line":326,"column":12}},{"start":{"line":326,"column":12},"end":{"line":326,"column":12}}]},"7":{"line":335,"type":"if","locations":[{"start":{"line":335,"column":12},"end":{"line":335,"column":12}},{"start":{"line":335,"column":12},"end":{"line":335,"column":12}}]},"8":{"line":337,"type":"if","locations":[{"start":{"line":337,"column":16},"end":{"line":337,"column":16}},{"start":{"line":337,"column":16},"end":{"line":337,"column":16}}]},"9":{"line":344,"type":"if","locations":[{"start":{"line":344,"column":20},"end":{"line":344,"column":20}},{"start":{"line":344,"column":20},"end":{"line":344,"column":20}}]},"10":{"line":374,"type":"if","locations":[{"start":{"line":374,"column":12},"end":{"line":374,"column":12}},{"start":{"line":374,"column":12},"end":{"line":374,"column":12}}]},"11":{"line":375,"type":"if","locations":[{"start":{"line":375,"column":16},"end":{"line":375,"column":16}},{"start":{"line":375,"column":16},"end":{"line":375,"column":16}}]},"12":{"line":393,"type":"if","locations":[{"start":{"line":393,"column":12},"end":{"line":393,"column":12}},{"start":{"line":393,"column":12},"end":{"line":393,"column":12}}]},"13":{"line":394,"type":"if","locations":[{"start":{"line":394,"column":16},"end":{"line":394,"column":16}},{"start":{"line":394,"column":16},"end":{"line":394,"column":16}}]},"14":{"line":412,"type":"if","locations":[{"start":{"line":412,"column":8},"end":{"line":412,"column":8}},{"start":{"line":412,"column":8},"end":{"line":412,"column":8}}]},"15":{"line":417,"type":"if","locations":[{"start":{"line":417,"column":16},"end":{"line":417,"column":16}},{"start":{"line":417,"column":16},"end":{"line":417,"column":16}}]},"16":{"line":436,"type":"cond-expr","locations":[{"start":{"line":436,"column":25},"end":{"line":436,"column":55}},{"start":{"line":436,"column":58},"end":{"line":436,"column":61}}]},"17":{"line":450,"type":"if","locations":[{"start":{"line":450,"column":8},"end":{"line":450,"column":8}},{"start":{"line":450,"column":8},"end":{"line":450,"column":8}}]},"18":{"line":453,"type":"if","locations":[{"start":{"line":453,"column":8},"end":{"line":453,"column":8}},{"start":{"line":453,"column":8},"end":{"line":453,"column":8}}]},"19":{"line":462,"type":"binary-expr","locations":[{"start":{"line":462,"column":15},"end":{"line":462,"column":68}},{"start":{"line":463,"column":12},"end":{"line":463,"column":78}}]},"20":{"line":471,"type":"if","locations":[{"start":{"line":471,"column":8},"end":{"line":471,"column":8}},{"start":{"line":471,"column":8},"end":{"line":471,"column":8}}]},"21":{"line":478,"type":"if","locations":[{"start":{"line":478,"column":8},"end":{"line":478,"column":8}},{"start":{"line":478,"column":8},"end":{"line":478,"column":8}}]},"22":{"line":485,"type":"if","locations":[{"start":{"line":485,"column":8},"end":{"line":485,"column":8}},{"start":{"line":485,"column":8},"end":{"line":485,"column":8}}]},"23":{"line":492,"type":"if","locations":[{"start":{"line":492,"column":8},"end":{"line":492,"column":8}},{"start":{"line":492,"column":8},"end":{"line":492,"column":8}}]},"24":{"line":494,"type":"if","locations":[{"start":{"line":494,"column":12},"end":{"line":494,"column":12}},{"start":{"line":494,"column":12},"end":{"line":494,"column":12}}]},"25":{"line":497,"type":"if","locations":[{"start":{"line":497,"column":19},"end":{"line":497,"column":19}},{"start":{"line":497,"column":19},"end":{"line":497,"column":19}}]},"26":{"line":504,"type":"if","locations":[{"start":{"line":504,"column":15},"end":{"line":504,"column":15}},{"start":{"line":504,"column":15},"end":{"line":504,"column":15}}]},"27":{"line":525,"type":"if","locations":[{"start":{"line":525,"column":8},"end":{"line":525,"column":8}},{"start":{"line":525,"column":8},"end":{"line":525,"column":8}}]},"28":{"line":527,"type":"binary-expr","locations":[{"start":{"line":527,"column":12},"end":{"line":527,"column":23}},{"start":{"line":527,"column":27},"end":{"line":527,"column":49}},{"start":{"line":528,"column":12},"end":{"line":528,"column":23}},{"start":{"line":528,"column":27},"end":{"line":528,"column":51}},{"start":{"line":529,"column":12},"end":{"line":529,"column":23}},{"start":{"line":529,"column":27},"end":{"line":529,"column":49}},{"start":{"line":535,"column":14},"end":{"line":535,"column":38}},{"start":{"line":535,"column":42},"end":{"line":535,"column":56}},{"start":{"line":538,"column":12},"end":{"line":538,"column":46}},{"start":{"line":542,"column":12},"end":{"line":542,"column":30}},{"start":{"line":542,"column":34},"end":{"line":542,"column":62}},{"start":{"line":544,"column":12},"end":{"line":544,"column":39}},{"start":{"line":547,"column":14},"end":{"line":547,"column":37}},{"start":{"line":547,"column":41},"end":{"line":547,"column":65}},{"start":{"line":549,"column":12},"end":{"line":549,"column":35}},{"start":{"line":552,"column":14},"end":{"line":552,"column":29}},{"start":{"line":552,"column":33},"end":{"line":552,"column":57}},{"start":{"line":555,"column":14},"end":{"line":555,"column":28}},{"start":{"line":555,"column":32},"end":{"line":555,"column":49}},{"start":{"line":555,"column":53},"end":{"line":555,"column":78}},{"start":{"line":558,"column":14},"end":{"line":558,"column":29}},{"start":{"line":558,"column":33},"end":{"line":558,"column":58}},{"start":{"line":558,"column":62},"end":{"line":558,"column":79}},{"start":{"line":558,"column":83},"end":{"line":558,"column":108}},{"start":{"line":561,"column":14},"end":{"line":561,"column":27}},{"start":{"line":561,"column":31},"end":{"line":561,"column":57}},{"start":{"line":561,"column":61},"end":{"line":561,"column":78}},{"start":{"line":564,"column":12},"end":{"line":564,"column":27}},{"start":{"line":567,"column":12},"end":{"line":567,"column":25}},{"start":{"line":571,"column":12},"end":{"line":571,"column":26}},{"start":{"line":571,"column":30},"end":{"line":571,"column":52}},{"start":{"line":574,"column":15},"end":{"line":574,"column":33}},{"start":{"line":574,"column":37},"end":{"line":574,"column":51}},{"start":{"line":574,"column":56},"end":{"line":574,"column":81}},{"start":{"line":577,"column":14},"end":{"line":577,"column":36}},{"start":{"line":578,"column":16},"end":{"line":578,"column":30}},{"start":{"line":578,"column":34},"end":{"line":578,"column":58}},{"start":{"line":581,"column":12},"end":{"line":581,"column":29}},{"start":{"line":581,"column":33},"end":{"line":581,"column":51}},{"start":{"line":584,"column":12},"end":{"line":584,"column":35}},{"start":{"line":584,"column":39},"end":{"line":584,"column":49}},{"start":{"line":587,"column":12},"end":{"line":587,"column":36}},{"start":{"line":587,"column":40},"end":{"line":587,"column":50}},{"start":{"line":590,"column":12},"end":{"line":590,"column":37}},{"start":{"line":590,"column":41},"end":{"line":590,"column":51}},{"start":{"line":593,"column":12},"end":{"line":593,"column":34}},{"start":{"line":593,"column":38},"end":{"line":593,"column":48}},{"start":{"line":597,"column":12},"end":{"line":597,"column":34}},{"start":{"line":597,"column":38},"end":{"line":597,"column":48}}]},"29":{"line":603,"type":"if","locations":[{"start":{"line":603,"column":8},"end":{"line":603,"column":8}},{"start":{"line":603,"column":8},"end":{"line":603,"column":8}}]},"30":{"line":604,"type":"binary-expr","locations":[{"start":{"line":604,"column":12},"end":{"line":604,"column":23}},{"start":{"line":604,"column":27},"end":{"line":604,"column":48}},{"start":{"line":605,"column":12},"end":{"line":605,"column":23}},{"start":{"line":605,"column":27},"end":{"line":605,"column":50}},{"start":{"line":606,"column":12},"end":{"line":606,"column":23}},{"start":{"line":606,"column":27},"end":{"line":606,"column":48}},{"start":{"line":609,"column":12},"end":{"line":609,"column":30}},{"start":{"line":609,"column":34},"end":{"line":609,"column":60}},{"start":{"line":609,"column":64},"end":{"line":609,"column":89}},{"start":{"line":612,"column":14},"end":{"line":612,"column":42}},{"start":{"line":612,"column":46},"end":{"line":612,"column":74}},{"start":{"line":613,"column":17},"end":{"line":613,"column":42}},{"start":{"line":613,"column":46},"end":{"line":613,"column":57}},{"start":{"line":616,"column":12},"end":{"line":616,"column":62}},{"start":{"line":619,"column":12},"end":{"line":619,"column":39}},{"start":{"line":619,"column":43},"end":{"line":619,"column":60}}]},"31":{"line":624,"type":"if","locations":[{"start":{"line":624,"column":8},"end":{"line":624,"column":8}},{"start":{"line":624,"column":8},"end":{"line":624,"column":8}}]},"32":{"line":626,"type":"binary-expr","locations":[{"start":{"line":626,"column":12},"end":{"line":626,"column":39}},{"start":{"line":628,"column":12},"end":{"line":628,"column":52}},{"start":{"line":628,"column":56},"end":{"line":628,"column":88}}]},"33":{"line":640,"type":"binary-expr","locations":[{"start":{"line":640,"column":15},"end":{"line":640,"column":62}},{"start":{"line":641,"column":12},"end":{"line":641,"column":58}}]},"34":{"line":645,"type":"cond-expr","locations":[{"start":{"line":646,"column":12},"end":{"line":646,"column":31}},{"start":{"line":647,"column":12},"end":{"line":647,"column":32}}]},"35":{"line":678,"type":"binary-expr","locations":[{"start":{"line":678,"column":18},"end":{"line":678,"column":27}},{"start":{"line":678,"column":31},"end":{"line":678,"column":33}}]},"36":{"line":681,"type":"binary-expr","locations":[{"start":{"line":681,"column":29},"end":{"line":681,"column":42}},{"start":{"line":681,"column":46},"end":{"line":681,"column":49}}]},"37":{"line":810,"type":"if","locations":[{"start":{"line":810,"column":12},"end":{"line":810,"column":12}},{"start":{"line":810,"column":12},"end":{"line":810,"column":12}}]},"38":{"line":833,"type":"if","locations":[{"start":{"line":833,"column":12},"end":{"line":833,"column":12}},{"start":{"line":833,"column":12},"end":{"line":833,"column":12}}]},"39":{"line":850,"type":"if","locations":[{"start":{"line":850,"column":12},"end":{"line":850,"column":12}},{"start":{"line":850,"column":12},"end":{"line":850,"column":12}}]},"40":{"line":914,"type":"binary-expr","locations":[{"start":{"line":914,"column":19},"end":{"line":914,"column":53}},{"start":{"line":915,"column":19},"end":{"line":915,"column":42}},{"start":{"line":916,"column":19},"end":{"line":916,"column":45}},{"start":{"line":917,"column":19},"end":{"line":917,"column":46}},{"start":{"line":918,"column":19},"end":{"line":918,"column":91}}]},"41":{"line":930,"type":"if","locations":[{"start":{"line":930,"column":12},"end":{"line":930,"column":12}},{"start":{"line":930,"column":12},"end":{"line":930,"column":12}}]},"42":{"line":947,"type":"binary-expr","locations":[{"start":{"line":947,"column":45},"end":{"line":947,"column":58}},{"start":{"line":947,"column":62},"end":{"line":947,"column":80}}]},"43":{"line":957,"type":"if","locations":[{"start":{"line":957,"column":12},"end":{"line":957,"column":12}},{"
[...]
 '/mobile/' : '/lynx/';","     *     }","     * </pre>","     *","     * @param {string} userAgent typically taken from window.navigator.userAgent or http_header['User-Agent']","     * @param {number} [maxPhoneWidth=600] <strong>only for browsers</strong> specify a value for the maximum","     *        width of smallest device side (in logical \"CSS\" pixels) until a device detected as mobile will be handled","     *        as phone.","     *        This is only used in cases where the device cannot be classified as phone or tablet.<br>","     *        See <a href=\"http://developer.android.com/guide/practices/screens_support.html\">Declaring Tablet Layouts","     *        for Android</a>.<br>","     *        If you provide a value < 0, then this \"fuzzy\" check is disabled.","     * @constructor","     * @global","     */","    function MobileDetect(userAgent, maxPhoneWidth) {","        this.ua = userAgent || '';","        this._cache = {};","        //600dp is typical 7\" tablet minimum width","        this.maxPhoneWidth = maxPhoneWidth || 600;","    }","","    MobileDetect.prototype = {","        constructor: MobileDetect,","","        /**","         * Returns the detected phone or tablet type or <tt>null</tt> if it is not a mobile device.","         * <br>","         * For a list of possible return values see {@link MobileDetect#phone} and {@link MobileDetect#tablet}.<br>","         * <br>","         * If the device is not detected by the regular expressions from Mobile-Detect, a test is made against","         * the patterns of <a href=\"http://detectmobilebrowsers.com/\">detectmobilebrowsers.com</a>. If this test","         * is positive, a value of <code>UnknownPhone</code>, <code>UnknownTablet</code> or","         * <code>UnknownMobile</code> is returned.<br>","         * When used in browser, the decision whether phone or tablet is made based on <code>screen.width/height</code>.<br>","         * <br>","         * When used server-side (node.js), there is no way to tell the difference between <code>UnknownTablet</code>","         * and <code>UnknownMobile</code>, so you will get <code>UnknownMobile</code> here.<br>","         * Be aware that since v1.0.0 in this special case you will get <code>UnknownMobile</code> only for:","         * {@link MobileDetect#mobile}, not for {@link MobileDetect#phone} and {@link MobileDetect#tablet}.","         * In versions before v1.0.0 all 3 methods returned <code>UnknownMobile</code> which was tedious to use.","         * <br>","         * In most cases you will use the return value just as a boolean.","         *","         * @returns {String} the key for the phone family or tablet family, e.g. \"Nexus\".","         * @function MobileDetect#mobile","         */","        mobile: function () {","            impl.prepareDetectionCache(this._cache, this.ua, this.maxPhoneWidth);","            return this._cache.mobile;","        },","","        /**","         * Returns the detected phone type/family string or <tt>null</tt>.","         * <br>","         * The returned tablet (family or producer) is one of following keys:<br>","         * <br><tt>iPhone, BlackBerry, HTC, Nexus, Dell, Motorola, Samsung, LG, Sony, Asus,","         * NokiaLumia, Micromax, Palm, Vertu, Pantech, Fly, Wiko, iMobile, SimValley,","         * Wolfgang, Alcatel, Nintendo, Amoi, INQ, GenericPhone</tt><br>","         * <br>","         * If the device is not detected by the regular expressions from Mobile-Detect, a test is made against","         * the patterns of <a href=\"http://detectmobilebrowsers.com/\">detectmobilebrowsers.com</a>. If this test","         * is positive, a value of <code>UnknownPhone</code> or <code>UnknownMobile</code> is returned.<br>","         * When used in browser, the decision whether phone or tablet is made based on <code>screen.width/height</code>.<br>","         * <br>","         * When used server-side (node.js), there is no way to tell the difference between <code>UnknownTablet</code>","         * and <code>UnknownMobile</code>, so you will get <code>null</code> here, while {@link MobileDetect#mobile}","         * will return <code>UnknownMobile</code>.<br>","         * Be aware that since v1.0.0 in this special case you will get <code>UnknownMobile</code> only for:","         * {@link MobileDetect#mobile}, not for {@link MobileDetect#phone} and {@link MobileDetect#tablet}.","         * In versions before v1.0.0 all 3 methods returned <code>UnknownMobile</code> which was tedious to use.","         * <br>","         * In most cases you will use the return value just as a boolean.","         *","         * @returns {String} the key of the phone family or producer, e.g. \"iPhone\"","         * @function MobileDetect#phone","         */","        phone: function () {","            impl.prepareDetectionCache(this._cache, this.ua, this.maxPhoneWidth);","            return this._cache.phone;","        },","","        /**","         * Returns the detected tablet type/family string or <tt>null</tt>.","         * <br>","         * The returned tablet (family or producer) is one of following keys:<br>","         * <br><tt>iPad, NexusTablet, SamsungTablet, Kindle, SurfaceTablet, HPTablet, AsusTablet,","         * BlackBerryTablet, HTCtablet, MotorolaTablet, NookTablet, AcerTablet,","         * ToshibaTablet, LGTablet, FujitsuTablet, PrestigioTablet, LenovoTablet,","         * DellTablet, YarvikTablet, MedionTablet, ArnovaTablet, IntensoTablet, IRUTablet,","         * MegafonTablet, EbodaTablet, AllViewTablet, ArchosTablet, AinolTablet,","         * NokiaLumiaTablet, SonyTablet, PhilipsTablet, CubeTablet, CobyTablet, MIDTablet,","         * MSITablet, SMiTTablet, RockChipTablet, FlyTablet, bqTablet, HuaweiTablet,","         * NecTablet, PantechTablet, BronchoTablet, VersusTablet, ZyncTablet,","         * PositivoTablet, NabiTablet, KoboTablet, DanewTablet, TexetTablet,","         * PlaystationTablet, TrekstorTablet, PyleAudioTablet, AdvanTablet,","         * DanyTechTablet, GalapadTablet, MicromaxTablet, KarbonnTablet, AllFineTablet,","         * PROSCANTablet, YONESTablet, ChangJiaTablet, GUTablet, PointOfViewTablet,","         * OvermaxTablet, HCLTablet, DPSTablet, VistureTablet, CrestaTablet,","         * MediatekTablet, ConcordeTablet, GoCleverTablet, ModecomTablet, VoninoTablet,","         * ECSTablet, StorexTablet, VodafoneTablet, EssentielBTablet, RossMoorTablet,","         * iMobileTablet, TolinoTablet, AudioSonicTablet, AMPETablet, SkkTablet,","         * TecnoTablet, JXDTablet, iJoyTablet, FX2Tablet, XoroTablet, ViewsonicTablet,","         * OdysTablet, CaptivaTablet, IconbitTablet, TeclastTablet, OndaTablet,","         * JaytechTablet, BlaupunktTablet, DigmaTablet, EvolioTablet, LavaTablet,","         * AocTablet, MpmanTablet, CelkonTablet, WolderTablet, MiTablet, NibiruTablet,","         * NexoTablet, LeaderTablet, UbislateTablet, PocketBookTablet, KocasoTablet,","         * HisenseTablet, Hudl, TelstraTablet, GenericTablet</tt><br>","         * <br>","         * If the device is not detected by the regular expressions from Mobile-Detect, a test is made against","         * the patterns of <a href=\"http://detectmobilebrowsers.com/\">detectmobilebrowsers.com</a>. If this test","         * is positive, a value of <code>UnknownTablet</code> or <code>UnknownMobile</code> is returned.<br>","         * When used in browser, the decision whether phone or tablet is made based on <code>screen.width/height</code>.<br>","         * <br>","         * When used server-side (node.js), there is no way to tell the difference between <code>UnknownTablet</code>","         * and <code>UnknownMobile</code>, so you will get <code>null</code> here, while {@link MobileDetect#mobile}","         * will return <code>UnknownMobile</code>.<br>","         * Be aware that since v1.0.0 in this special case you will get <code>UnknownMobile</code> only for:","         * {@link MobileDetect#mobile}, not for {@link MobileDetect#phone} and {@link MobileDetect#tablet}.","         * In versions before v1.0.0 all 3 methods returned <code>UnknownMobile</code> which was tedious to use.","         * <br>","         * In most cases you will use the return value just as a boolean.","         *","         * @returns {String} the key of the tablet family or producer, e.g. \"SamsungTablet\"","         * @function MobileDetect#tablet","         */","        tablet: function () {","            impl.prepareDetectionCache(this._cache, this.ua, this.maxPhoneWidth);","            return this._cache.tablet;","        },","","        /**","         * Returns the (first) detected user-agent string or <tt>null</tt>.","         * <br>","         * The returned user-agent is one of following keys:<br>","         * <br><tt>Chrome, Dolfin, Opera, Skyfire, Edge, IE, Firefox, Bolt, TeaShark, Blazer,","         * Safari, UCBrowser, baiduboxapp, baidubrowser, DiigoBrowser, Puffin, Mercury,","         * ObigoBrowser, NetFront, GenericBrowser, PaleMoon</tt><br>","         * <br>","         * In most cases calling {@link MobileDetect#userAgent} will be sufficient. But there are rare","         * cases where a mobile device pretends to be more than one particular browser. You can get the","         * list of all matches with {@link MobileDetect#userAgents} or check for a particular value by","         * providing one of the defined keys as first argument to {@link MobileDetect#is}.","         *","         * @returns {String} the key for the detected user-agent or <tt>null</tt>","         * @function MobileDetect#userAgent","         */","        userAgent: function () {","            if (this._cache.userAgent === undefined) {","                this._cache.userAgent = impl.findMatch(impl.mobileDetectRules.uas, this.ua);","            }","            return this._cache.userAgent;","        },","","        /**","         * Returns all detected user-agent strings.","         * <br>","         * The array is empty or contains one or more of following keys:<br>","         * <br><tt>Chrome, Dolfin, Opera, Skyfire, Edge, IE, Firefox, Bolt, TeaShark, Blazer,","         * Safari, UCBrowser, baiduboxapp, baidubrowser, DiigoBrowser, Puffin, Mercury,","         * ObigoBrowser, NetFront, GenericBrowser, PaleMoon</tt><br>","         * <br>","         * In most cases calling {@link MobileDetect#userAgent} will be sufficient. But there are rare","         * cases where a mobile device pretends to be more than one particular browser. You can get the","         * list of all matches with {@link MobileDetect#userAgents} or check for a particular value by","         * providing one of the defined keys as first argument to {@link MobileDetect#is}.","         *","         * @returns {Array} the array of detected user-agent keys or <tt>[]</tt>","         * @function MobileDetect#userAgents","         */","        userAgents: function () {","            if (this._cache.userAgents === undefined) {","                this._cache.userAgents = impl.findMatches(impl.mobileDetectRules.uas, this.ua);","            }","            return this._cache.userAgents;","        },","","        /**","         * Returns the detected operating system string or <tt>null</tt>.","         * <br>","         * The operating system is one of following keys:<br>","         * <br><tt>AndroidOS, BlackBerryOS, PalmOS, SymbianOS, WindowsMobileOS, WindowsPhoneOS,","         * iOS, MeeGoOS, MaemoOS, JavaOS, webOS, badaOS, BREWOS</tt><br>","         *","         * @returns {String} the key for the detected operating system.","         * @function MobileDetect#os","         */","        os: function () {","            if (this._cache.os === undefined) {","                this._cache.os = impl.detectOS(this.ua);","            }","            return this._cache.os;","        },","","        /**","         * Get the version (as Number) of the given property in the User-Agent.","         * <br>","         * Will return a float number. (eg. 2_0 will return 2.0, 4.3.1 will return 4.31)","         *","         * @param {String} key a key defining a thing which has a version.<br>","         *        You can use one of following keys:<br>","         * <br><tt>Mobile, Build, Version, VendorID, iPad, iPhone, iPod, Kindle, Chrome, Coast,","         * Dolfin, Firefox, Fennec, Edge, IE, NetFront, NokiaBrowser, Opera, Opera Mini,","         * Opera Mobi, UC Browser, MQQBrowser, MicroMessenger, baiduboxapp, baidubrowser,","         * SamsungBrowser, Iron, Safari, Skyfire, Tizen, Webkit, PaleMoon, Gecko, Trident,","         * Presto, Goanna, iOS, Android, BlackBerry, BREW, Java, Windows Phone OS, Windows","         * Phone, Windows CE, Windows NT, Symbian, webOS</tt><br>","         *","         * @returns {Number} the version as float or <tt>NaN</tt> if User-Agent doesn't contain this version.","         *          Be careful when comparing this value with '==' operator!","         * @function MobileDetect#version","         */","        version: function (key) {","            return impl.getVersion(key, this.ua);","        },","","        /**","         * Get the version (as String) of the given property in the User-Agent.","         * <br>","         *","         * @param {String} key a key defining a thing which has a version.<br>","         *        You can use one of following keys:<br>","         * <br><tt>Mobile, Build, Version, VendorID, iPad, iPhone, iPod, Kindle, Chrome, Coast,","         * Dolfin, Firefox, Fennec, Edge, IE, NetFront, NokiaBrowser, Opera, Opera Mini,","         * Opera Mobi, UC Browser, MQQBrowser, MicroMessenger, baiduboxapp, baidubrowser,","         * SamsungBrowser, Iron, Safari, Skyfire, Tizen, Webkit, PaleMoon, Gecko, Trident,","         * Presto, Goanna, iOS, Android, BlackBerry, BREW, Java, Windows Phone OS, Windows","         * Phone, Windows CE, Windows NT, Symbian, webOS</tt><br>","         *","         * @returns {String} the \"raw\" version as String or <tt>null</tt> if User-Agent doesn't contain this version.","         *","         * @function MobileDetect#versionStr","         */","        versionStr: function (key) {","            return impl.getVersionStr(key, this.ua);","        },","","        /**","         * Global test key against userAgent, os, phone, tablet and some other properties of userAgent string.","         *","         * @param {String} key the key (case-insensitive) of a userAgent, an operating system, phone or","         *        tablet family.<br>","         *        For a complete list of possible values, see {@link MobileDetect#userAgent},","         *        {@link MobileDetect#os}, {@link MobileDetect#phone}, {@link MobileDetect#tablet}.<br>","         *        Additionally you have following keys:<br>","         * <br><tt>Bot, MobileBot, DesktopMode, TV, WebKit, Console, Watch</tt><br>","         *","         * @returns {boolean} <tt>true</tt> when the given key is one of the defined keys of userAgent, os, phone,","         *                    tablet or one of the listed additional keys, otherwise <tt>false</tt>","         * @function MobileDetect#is","         */","        is: function (key) {","            return containsIC(this.userAgents(), key) ||","                   equalIC(key, this.os()) ||","                   equalIC(key, this.phone()) ||","                   equalIC(key, this.tablet()) ||","                   containsIC(impl.findMatches(impl.mobileDetectRules.utils, this.ua), key);","        },","","        /**","         * Do a quick test against navigator::userAgent.","         *","         * @param {String|RegExp} pattern the pattern, either as String or RegExp","         *                        (a string will be converted to a case-insensitive RegExp).","         * @returns {boolean} <tt>true</tt> when the pattern matches, otherwise <tt>false</tt>","         * @function MobileDetect#match","         */","        match: function (pattern) {","            if (!(pattern instanceof RegExp)) {","                pattern = new RegExp(pattern, 'i');","            }","            return pattern.test(this.ua);","        },","","        /**","         * Checks whether the mobile device can be considered as phone regarding <code>screen.width</code>.","         * <br>","         * Obviously this method makes sense in browser environments only (not for Node.js)!","         * @param {number} [maxPhoneWidth] the maximum logical pixels (aka. CSS-pixels) to be considered as phone.<br>","         *        The argument is optional and if not present or falsy, the value of the constructor is taken.","         * @returns {boolean|undefined} <code>undefined</code> if screen size wasn't detectable, else <code>true</code>","         *          when screen.width is less or equal to maxPhoneWidth, otherwise <code>false</code>.<br>","         *          Will always return <code>undefined</code> server-side.","         */","        isPhoneSized: function (maxPhoneWidth) {","            return MobileDetect.isPhoneSized(maxPhoneWidth || this.maxPhoneWidth);","        },","","        /**","         * Returns the mobile grade ('A', 'B', 'C').","         *","         * @returns {String} one of the mobile grades ('A', 'B', 'C').","         * @function MobileDetect#mobileGrade","         */","        mobileGrade: function () {","            if (this._cache.grade === undefined) {","                this._cache.grade = impl.mobileGrade(this);","            }","            return this._cache.grade;","        }","    };","","    // environment-dependent","    if (typeof window !== 'undefined' && window.screen) {","        MobileDetect.isPhoneSized = function (maxPhoneWidth) {","            return maxPhoneWidth < 0 ? undefined : impl.getDeviceSmallerSide() <= maxPhoneWidth;","        };","    } else {","        MobileDetect.isPhoneSized = function () {};","    }","","    // should not be replaced by a completely new object - just overwrite existing methods","    MobileDetect._impl = impl;","    ","    MobileDetect.version = '1.3.6 2017-04-05';","","    return MobileDetect;","}); // end of call of define()","})((function (undefined) {","    if (typeof module !== 'undefined' && module.exports) {","        return function (factory) { module.exports = factory(); };","    } else if (typeof define === 'function' && define.amd) {","        return define;","    } else if (typeof window !== 'undefined') {","        return function (factory) { window.MobileDetect = factory(); };","    } else {","        // please file a bug if you get this error!","        throw new Error('unknown environment');","    }","})());"],"l":{"6":1,"7":1,"10":1,"12":1,"290":1,"296":1,"299":1,"300":1,"301":1,"303":1,"304":0,"306":1,"307":0,"310":1,"311":0,"312":0,"313":0,"315":0,"316":0,"317":0,"318":0,"321":0,"324":1,"325":5,"326":181,"327":181,"332":1,"333":1,"334":1,"335":47,"336":47,"337":47,"338":37,"340":47,"341":47,"342":61,"343":61,"344":61,"345":61,"347":61,"349":47,"352":1,"353":1,"354":1,"355":1,"356":1,"359":1,"372":1,"373":0,"374":0,"375":0,"376":0,"380":0,"390":1,"391":0,"392":0,"393":0,"394":0,"395":0,"399":0,"410":1,"411":0,"412":0,"413":0,"414":0,"415":0,"416":0,"417":0,"418":0,"422":0,"434":1,"435":0,"436":0,"446":1,"447":0,"449":0,"450":0,"451":0,"453":0,"454":0,"455":0,"456":0,"458":0,"461":1,"462":0,"466":1,"467":0,"470":1,"471":0,"472":0,"474":0,"477":0,"478":0,"479":0,"480":0,"481":0,"484":0,"485":0,"486":0,"487":0,"488":0,"492":0,"493":0,"494":0,"495":0,"496":0,"497":0,"498":0,"499":0,"501":0,"502":0,"504":0,"505":0,"506":0,"509":0,"514":1,"523":0,"525":0,"600":0,"603":0,"621":0,"624":0,"631":0,"636":0,"639":1,"640":0,"644":1,"645":0,"677":1,"678":0,"679":0,"681":0,"684":1,"710":0,"711":0,"740":0,"741":0,"789":0,"790":0,"810":0,"811":0,"813":0,"833":0,"834":0,"836":0,"850":0,"851":0,"853":0,"875":0,"896":0,"914":0,"930":0,"931":0,"933":0,"947":0,"957":0,"958":0,"960":0,"965":1,"966":0,"967":0,"970":1,"974":1,"976":1,"978":1,"981":1,"982":1,"983":0,"984":0,"985":0,"986":0,"989":0}}}